[ 50%] Built target rgbd
[100%] Built target mono
-- Install configuration: ""
-- Execute custom install script
-- Up-to-date symlink: /home/young/SLAM/ORB_SLAM3/ROS2/install/ros2_orbslam/lib/ros2_orbslam/mono
-- Up-to-date symlink: /home/young/SLAM/ORB_SLAM3/ROS2/install/ros2_orbslam/lib/ros2_orbslam/rgbd
-- Up-to-date symlink: /home/young/SLAM/ORB_SLAM3/ROS2/install/ros2_orbslam/share/ament_index/resource_index/package_run_dependencies/ros2_orbslam
-- Up-to-date symlink: /home/young/SLAM/ORB_SLAM3/ROS2/install/ros2_orbslam/share/ament_index/resource_index/parent_prefix_path/ros2_orbslam
-- Up-to-date symlink: /home/young/SLAM/ORB_SLAM3/ROS2/install/ros2_orbslam/share/ros2_orbslam/environment/ament_prefix_path.sh
-- Up-to-date symlink: /home/young/SLAM/ORB_SLAM3/ROS2/install/ros2_orbslam/share/ros2_orbslam/environment/ament_prefix_path.dsv
-- Up-to-date symlink: /home/young/SLAM/ORB_SLAM3/ROS2/install/ros2_orbslam/share/ros2_orbslam/environment/path.sh
-- Up-to-date symlink: /home/young/SLAM/ORB_SLAM3/ROS2/install/ros2_orbslam/share/ros2_orbslam/environment/path.dsv
-- Up-to-date symlink: /home/young/SLAM/ORB_SLAM3/ROS2/install/ros2_orbslam/share/ros2_orbslam/local_setup.bash
-- Up-to-date symlink: /home/young/SLAM/ORB_SLAM3/ROS2/install/ros2_orbslam/share/ros2_orbslam/local_setup.sh
-- Up-to-date symlink: /home/young/SLAM/ORB_SLAM3/ROS2/install/ros2_orbslam/share/ros2_orbslam/local_setup.zsh
-- Up-to-date symlink: /home/young/SLAM/ORB_SLAM3/ROS2/install/ros2_orbslam/share/ros2_orbslam/local_setup.dsv
-- Symlinking: /home/young/SLAM/ORB_SLAM3/ROS2/install/ros2_orbslam/share/ros2_orbslam/package.dsv
-- Up-to-date symlink: /home/young/SLAM/ORB_SLAM3/ROS2/install/ros2_orbslam/share/ament_index/resource_index/packages/ros2_orbslam
-- Up-to-date symlink: /home/young/SLAM/ORB_SLAM3/ROS2/install/ros2_orbslam/share/ros2_orbslam/cmake/ros2_orbslamConfig.cmake
-- Up-to-date symlink: /home/young/SLAM/ORB_SLAM3/ROS2/install/ros2_orbslam/share/ros2_orbslam/cmake/ros2_orbslamConfig-version.cmake
-- Up-to-date symlink: /home/young/SLAM/ORB_SLAM3/ROS2/install/ros2_orbslam/share/ros2_orbslam/package.xml
