[0.363s] Invoking command in '/home/young/SLAM/ORB_SLAM3/ROS2/build/ros2_orbslam': AMENT_PREFIX_PATH=/home/young/SLAM/ORB_SLAM3/ROS2/install/cv_bridge:${AMENT_PREFIX_PATH} CMAKE_PREFIX_PATH=/home/young/SLAM/ORB_SLAM3/ROS2/install/cv_bridge:/opt/ros/humble CONDA_PROMPT_MODIFIER=(SLAM) LD_LIBRARY_PATH=/home/young/SLAM/ORB_SLAM3/ROS2/install/cv_bridge/lib:/usr/local/cuda/lib64:/usr/local/cuda/lib64:/opt/ros/humble/opt/rviz_ogre_vendor/lib:/opt/ros/humble/lib/x86_64-linux-gnu:/opt/ros/humble/lib:/usr/local/cuda/lib64:/usr/local/opencv3/lib:/usr/local/opencv4/lib:/usr/local/opencv4/lib PYTHONPATH=/home/young/SLAM/ORB_SLAM3/ROS2/install/cv_bridge/local/lib/python3.10/dist-packages:${PYTHONPATH} /usr/bin/cmake --build /home/young/SLAM/ORB_SLAM3/ROS2/build/ros2_orbslam -- -j16 -l16
[0.497s] [ 50%] Built target rgbd
[0.498s] [100%] Built target mono
[0.516s] Invoked command in '/home/young/SLAM/ORB_SLAM3/ROS2/build/ros2_orbslam' returned '0': AMENT_PREFIX_PATH=/home/young/SLAM/ORB_SLAM3/ROS2/install/cv_bridge:${AMENT_PREFIX_PATH} CMAKE_PREFIX_PATH=/home/young/SLAM/ORB_SLAM3/ROS2/install/cv_bridge:/opt/ros/humble CONDA_PROMPT_MODIFIER=(SLAM) LD_LIBRARY_PATH=/home/young/SLAM/ORB_SLAM3/ROS2/install/cv_bridge/lib:/usr/local/cuda/lib64:/usr/local/cuda/lib64:/opt/ros/humble/opt/rviz_ogre_vendor/lib:/opt/ros/humble/lib/x86_64-linux-gnu:/opt/ros/humble/lib:/usr/local/cuda/lib64:/usr/local/opencv3/lib:/usr/local/opencv4/lib:/usr/local/opencv4/lib PYTHONPATH=/home/young/SLAM/ORB_SLAM3/ROS2/install/cv_bridge/local/lib/python3.10/dist-packages:${PYTHONPATH} /usr/bin/cmake --build /home/young/SLAM/ORB_SLAM3/ROS2/build/ros2_orbslam -- -j16 -l16
[0.580s] Invoking command in '/home/young/SLAM/ORB_SLAM3/ROS2/build/ros2_orbslam': AMENT_PREFIX_PATH=/home/young/SLAM/ORB_SLAM3/ROS2/install/cv_bridge:${AMENT_PREFIX_PATH} CMAKE_PREFIX_PATH=/home/young/SLAM/ORB_SLAM3/ROS2/install/cv_bridge:/opt/ros/humble CONDA_PROMPT_MODIFIER=(SLAM) LD_LIBRARY_PATH=/home/young/SLAM/ORB_SLAM3/ROS2/install/cv_bridge/lib:/usr/local/cuda/lib64:/usr/local/cuda/lib64:/opt/ros/humble/opt/rviz_ogre_vendor/lib:/opt/ros/humble/lib/x86_64-linux-gnu:/opt/ros/humble/lib:/usr/local/cuda/lib64:/usr/local/opencv3/lib:/usr/local/opencv4/lib:/usr/local/opencv4/lib PYTHONPATH=/home/young/SLAM/ORB_SLAM3/ROS2/install/cv_bridge/local/lib/python3.10/dist-packages:${PYTHONPATH} /usr/bin/cmake --install /home/young/SLAM/ORB_SLAM3/ROS2/build/ros2_orbslam
[0.593s] -- Install configuration: ""
[0.594s] -- Execute custom install script
[0.594s] -- Up-to-date symlink: /home/young/SLAM/ORB_SLAM3/ROS2/install/ros2_orbslam/lib/ros2_orbslam/mono
[0.594s] -- Up-to-date symlink: /home/young/SLAM/ORB_SLAM3/ROS2/install/ros2_orbslam/lib/ros2_orbslam/rgbd
[0.594s] -- Up-to-date symlink: /home/young/SLAM/ORB_SLAM3/ROS2/install/ros2_orbslam/share/ament_index/resource_index/package_run_dependencies/ros2_orbslam
[0.594s] -- Up-to-date symlink: /home/young/SLAM/ORB_SLAM3/ROS2/install/ros2_orbslam/share/ament_index/resource_index/parent_prefix_path/ros2_orbslam
[0.594s] -- Up-to-date symlink: /home/young/SLAM/ORB_SLAM3/ROS2/install/ros2_orbslam/share/ros2_orbslam/environment/ament_prefix_path.sh
[0.595s] -- Up-to-date symlink: /home/young/SLAM/ORB_SLAM3/ROS2/install/ros2_orbslam/share/ros2_orbslam/environment/ament_prefix_path.dsv
[0.595s] -- Up-to-date symlink: /home/young/SLAM/ORB_SLAM3/ROS2/install/ros2_orbslam/share/ros2_orbslam/environment/path.sh
[0.595s] -- Up-to-date symlink: /home/young/SLAM/ORB_SLAM3/ROS2/install/ros2_orbslam/share/ros2_orbslam/environment/path.dsv
[0.595s] -- Up-to-date symlink: /home/young/SLAM/ORB_SLAM3/ROS2/install/ros2_orbslam/share/ros2_orbslam/local_setup.bash
[0.596s] -- Up-to-date symlink: /home/young/SLAM/ORB_SLAM3/ROS2/install/ros2_orbslam/share/ros2_orbslam/local_setup.sh
[0.596s] -- Up-to-date symlink: /home/young/SLAM/ORB_SLAM3/ROS2/install/ros2_orbslam/share/ros2_orbslam/local_setup.zsh
[0.596s] -- Up-to-date symlink: /home/young/SLAM/ORB_SLAM3/ROS2/install/ros2_orbslam/share/ros2_orbslam/local_setup.dsv
[0.596s] -- Symlinking: /home/young/SLAM/ORB_SLAM3/ROS2/install/ros2_orbslam/share/ros2_orbslam/package.dsv
[0.610s] -- Up-to-date symlink: /home/young/SLAM/ORB_SLAM3/ROS2/install/ros2_orbslam/share/ament_index/resource_index/packages/ros2_orbslam
[0.610s] -- Up-to-date symlink: /home/young/SLAM/ORB_SLAM3/ROS2/install/ros2_orbslam/share/ros2_orbslam/cmake/ros2_orbslamConfig.cmake
[0.610s] -- Up-to-date symlink: /home/young/SLAM/ORB_SLAM3/ROS2/install/ros2_orbslam/share/ros2_orbslam/cmake/ros2_orbslamConfig-version.cmake
[0.610s] -- Up-to-date symlink: /home/young/SLAM/ORB_SLAM3/ROS2/install/ros2_orbslam/share/ros2_orbslam/package.xml
[0.616s] Invoked command in '/home/young/SLAM/ORB_SLAM3/ROS2/build/ros2_orbslam' returned '0': AMENT_PREFIX_PATH=/home/young/SLAM/ORB_SLAM3/ROS2/install/cv_bridge:${AMENT_PREFIX_PATH} CMAKE_PREFIX_PATH=/home/young/SLAM/ORB_SLAM3/ROS2/install/cv_bridge:/opt/ros/humble CONDA_PROMPT_MODIFIER=(SLAM) LD_LIBRARY_PATH=/home/young/SLAM/ORB_SLAM3/ROS2/install/cv_bridge/lib:/usr/local/cuda/lib64:/usr/local/cuda/lib64:/opt/ros/humble/opt/rviz_ogre_vendor/lib:/opt/ros/humble/lib/x86_64-linux-gnu:/opt/ros/humble/lib:/usr/local/cuda/lib64:/usr/local/opencv3/lib:/usr/local/opencv4/lib:/usr/local/opencv4/lib PYTHONPATH=/home/young/SLAM/ORB_SLAM3/ROS2/install/cv_bridge/local/lib/python3.10/dist-packages:${PYTHONPATH} /usr/bin/cmake --install /home/young/SLAM/ORB_SLAM3/ROS2/build/ros2_orbslam
