[0.035s] Invoking command in '/home/young/SLAM/ORB_SLAM3/ROS2/build/image_transport': CONDA_PROMPT_MODIFIER=(SLAM) /usr/bin/cmake /home/young/SLAM/ORB_SLAM3/ROS2/src/image_common/image_transport -DCATKIN_INSTALL_INTO_PREFIX_ROOT=0 -DCATKIN_SYMLINK_INSTALL=ON -DCMAKE_INSTALL_PREFIX=/home/young/SLAM/ORB_SLAM3/ROS2/install/image_transport
[0.094s] [31mCMake Error at CMakeLists.txt:4 (find_package):
[0.094s]   By not providing "Findcatkin.cmake" in CMAKE_MODULE_PATH this project has
[0.095s]   asked CMake to find a package configuration file provided by "catkin", but
[0.095s]   CMake did not find one.
[0.095s] 
[0.095s]   Could not find a package configuration file provided by "catkin" with any
[0.095s]   of the following names:
[0.096s] 
[0.096s]     catkinConfig.cmake
[0.096s]     catkin-config.cmake
[0.097s] 
[0.098s]   Add the installation prefix of "catkin" to CMAKE_PREFIX_PATH or set
[0.099s]   "catkin_DIR" to a directory containing one of the above files.  If "catkin"
[0.100s]   provides a separate development package or SDK, be sure it has been
[0.100s]   installed.
[0.100s] 
[0.101s] [0m
[0.101s] -- Configuring incomplete, errors occurred!
[0.101s] See also "/home/young/SLAM/ORB_SLAM3/ROS2/build/image_transport/CMakeFiles/CMakeOutput.log".
[0.102s] Invoked command in '/home/young/SLAM/ORB_SLAM3/ROS2/build/image_transport' returned '1': CONDA_PROMPT_MODIFIER=(SLAM) /usr/bin/cmake /home/young/SLAM/ORB_SLAM3/ROS2/src/image_common/image_transport -DCATKIN_INSTALL_INTO_PREFIX_ROOT=0 -DCATKIN_SYMLINK_INSTALL=ON -DCMAKE_INSTALL_PREFIX=/home/young/SLAM/ORB_SLAM3/ROS2/install/image_transport
