-- Found ament_cmake: 1.3.2 (/opt/ros/humble/share/ament_cmake/cmake)
-- Override CMake install command with custom implementation using symlinks instead of copying resources
-- Found rclcpp: 16.0.1 (/opt/ros/humble/share/rclcpp/cmake)
-- Found rosidl_generator_c: 3.1.3 (/opt/ros/humble/share/rosidl_generator_c/cmake)
-- Found rosidl_adapter: 3.1.3 (/opt/ros/humble/share/rosidl_adapter/cmake)
-- Found rosidl_generator_cpp: 3.1.3 (/opt/ros/humble/share/rosidl_generator_cpp/cmake)
-- Using all available rosidl_typesupport_c: rosidl_typesupport_fastrtps_c;rosidl_typesupport_introspection_c
-- Using all available rosidl_typesupport_cpp: rosidl_typesupport_fastrtps_cpp;rosidl_typesupport_introspection_cpp
-- Found rmw_implementation_cmake: 6.1.0 (/opt/ros/humble/share/rmw_implementation_cmake/cmake)
-- Found rmw_fastrtps_cpp: 6.2.1 (/opt/ros/humble/share/rmw_fastrtps_cpp/cmake)
-- Using RMW implementation 'rmw_fastrtps_cpp' as default
-- Found sensor_msgs: 4.2.2 (/opt/ros/humble/share/sensor_msgs/cmake)
-- Found cv_bridge: 3.0.3 (/home/young/SLAM/ORB_SLAM3/ROS2/install/cv_bridge/share/cv_bridge/cmake)
-- Found message_filters: 4.3.2 (/opt/ros/humble/share/message_filters/cmake)
-- Configuring done
-- Generating done
-- Build files have been written to: /home/young/SLAM/ORB_SLAM3/ROS2/build/ros2_orbslam
[35m[1mConsolidate compiler generated dependencies of target mono[0m
[35m[1mConsolidate compiler generated dependencies of target rgbd[0m
[ 50%] Built target mono
[100%] Built target rgbd
-- Install configuration: ""
-- Execute custom install script
-- Symlinking: /home/young/SLAM/ORB_SLAM3/ROS2/install/ros2_orbslam/lib/ros2_orbslam/mono
-- Symlinking: /home/young/SLAM/ORB_SLAM3/ROS2/install/ros2_orbslam/lib/ros2_orbslam/rgbd
-- Symlinking: /home/young/SLAM/ORB_SLAM3/ROS2/install/ros2_orbslam/share/ament_index/resource_index/package_run_dependencies/ros2_orbslam
-- Symlinking: /home/young/SLAM/ORB_SLAM3/ROS2/install/ros2_orbslam/share/ament_index/resource_index/parent_prefix_path/ros2_orbslam
-- Symlinking: /home/young/SLAM/ORB_SLAM3/ROS2/install/ros2_orbslam/share/ros2_orbslam/environment/ament_prefix_path.sh
-- Symlinking: /home/young/SLAM/ORB_SLAM3/ROS2/install/ros2_orbslam/share/ros2_orbslam/environment/ament_prefix_path.dsv
-- Symlinking: /home/young/SLAM/ORB_SLAM3/ROS2/install/ros2_orbslam/share/ros2_orbslam/environment/path.sh
-- Symlinking: /home/young/SLAM/ORB_SLAM3/ROS2/install/ros2_orbslam/share/ros2_orbslam/environment/path.dsv
-- Symlinking: /home/young/SLAM/ORB_SLAM3/ROS2/install/ros2_orbslam/share/ros2_orbslam/local_setup.bash
-- Symlinking: /home/young/SLAM/ORB_SLAM3/ROS2/install/ros2_orbslam/share/ros2_orbslam/local_setup.sh
-- Symlinking: /home/young/SLAM/ORB_SLAM3/ROS2/install/ros2_orbslam/share/ros2_orbslam/local_setup.zsh
-- Symlinking: /home/young/SLAM/ORB_SLAM3/ROS2/install/ros2_orbslam/share/ros2_orbslam/local_setup.dsv
-- Symlinking: /home/young/SLAM/ORB_SLAM3/ROS2/install/ros2_orbslam/share/ros2_orbslam/package.dsv
-- Symlinking: /home/young/SLAM/ORB_SLAM3/ROS2/install/ros2_orbslam/share/ament_index/resource_index/packages/ros2_orbslam
-- Symlinking: /home/young/SLAM/ORB_SLAM3/ROS2/install/ros2_orbslam/share/ros2_orbslam/cmake/ros2_orbslamConfig.cmake
-- Symlinking: /home/young/SLAM/ORB_SLAM3/ROS2/install/ros2_orbslam/share/ros2_orbslam/cmake/ros2_orbslamConfig-version.cmake
-- Symlinking: /home/young/SLAM/ORB_SLAM3/ROS2/install/ros2_orbslam/share/ros2_orbslam/package.xml
