[0.044s] Invoking command in '/home/young/SLAM/ORB_SLAM3/ROS2/build/camera_calibration_parsers': CONDA_PROMPT_MODIFIER=(SLAM) /usr/bin/cmake /home/young/SLAM/ORB_SLAM3/ROS2/src/image_common/camera_calibration_parsers -DCATKIN_INSTALL_INTO_PREFIX_ROOT=0 -DCATKIN_SYMLINK_INSTALL=ON -DCMAKE_INSTALL_PREFIX=/home/young/SLAM/ORB_SLAM3/ROS2/install/camera_calibration_parsers
[0.256s] -- The C compiler identification is GNU 11.2.0
[0.401s] -- The CXX compiler identification is GNU 11.2.0
[0.421s] -- Detecting C compiler ABI info
[0.591s] -- Detecting C compiler ABI info - done
[0.618s] -- Check for working C compiler: /usr/bin/cc - skipped
[0.629s] -- Detecting C compile features
[0.630s] -- Detecting C compile features - done
[0.646s] -- Detecting CXX compiler ABI info
[0.838s] -- Detecting CXX compiler ABI info - done
[0.855s] -- Check for working CXX compiler: /usr/bin/c++ - skipped
[0.856s] -- Detecting CXX compile features
[0.857s] -- Detecting CXX compile features - done
[0.878s] [31mCMake Error at CMakeLists.txt:4 (find_package):
[0.878s]   By not providing "Findcatkin.cmake" in CMAKE_MODULE_PATH this project has
[0.878s]   asked CMake to find a package configuration file provided by "catkin", but
[0.879s]   CMake did not find one.
[0.879s] 
[0.879s]   Could not find a package configuration file provided by "catkin" with any
[0.879s]   of the following names:
[0.879s] 
[0.879s]     catkinConfig.cmake
[0.879s]     catkin-config.cmake
[0.879s] 
[0.879s]   Add the installation prefix of "catkin" to CMAKE_PREFIX_PATH or set
[0.879s]   "catkin_DIR" to a directory containing one of the above files.  If "catkin"
[0.880s]   provides a separate development package or SDK, be sure it has been
[0.880s]   installed.
[0.880s] 
[0.880s] [0m
[0.880s] -- Configuring incomplete, errors occurred!
[0.880s] See also "/home/young/SLAM/ORB_SLAM3/ROS2/build/camera_calibration_parsers/CMakeFiles/CMakeOutput.log".
[0.885s] Invoked command in '/home/young/SLAM/ORB_SLAM3/ROS2/build/camera_calibration_parsers' returned '1': CONDA_PROMPT_MODIFIER=(SLAM) /usr/bin/cmake /home/young/SLAM/ORB_SLAM3/ROS2/src/image_common/camera_calibration_parsers -DCATKIN_INSTALL_INTO_PREFIX_ROOT=0 -DCATKIN_SYMLINK_INSTALL=ON -DCMAKE_INSTALL_PREFIX=/home/young/SLAM/ORB_SLAM3/ROS2/install/camera_calibration_parsers
