[0.039s] Invoking command in '/home/young/SLAM/ORB_SLAM3/ROS2/build/cv_bridge': CMAKE_PREFIX_PATH=/opt/ros/humble CONDA_PROMPT_MODIFIER=(SLAM) /usr/bin/cmake --build /home/young/SLAM/ORB_SLAM3/ROS2/build/cv_bridge -- -j16 -l16
[0.131s] [35m[1mConsolidate compiler generated dependencies of target gtest_main[0m
[0.131s] [35m[1mConsolidate compiler generated dependencies of target gtest[0m
[0.133s] [35m[1mConsolidate compiler generated dependencies of target cv_bridge[0m
[0.171s] [ 12%] Built target gtest_main
[0.175s] [ 25%] Built target gtest
[0.179s] [ 25%] Built target ament_cmake_python_symlink_cv_bridge
[0.188s] [ 43%] Built target cv_bridge
[0.215s] [35m[1mConsolidate compiler generated dependencies of target cv_bridge-utest[0m
[0.216s] [35m[1mConsolidate compiler generated dependencies of target cv_bridge_boost[0m
[0.273s] [ 81%] Built target cv_bridge-utest
[0.285s] [100%] Built target cv_bridge_boost
[0.594s] running egg_info
[0.595s] writing cv_bridge.egg-info/PKG-INFO
[0.595s] writing dependency_links to cv_bridge.egg-info/dependency_links.txt
[0.596s] writing top-level names to cv_bridge.egg-info/top_level.txt
[0.600s] reading manifest file 'cv_bridge.egg-info/SOURCES.txt'
[0.601s] writing manifest file 'cv_bridge.egg-info/SOURCES.txt'
[0.649s] [100%] Built target ament_cmake_python_build_cv_bridge_egg
[0.667s] Invoked command in '/home/young/SLAM/ORB_SLAM3/ROS2/build/cv_bridge' returned '0': CMAKE_PREFIX_PATH=/opt/ros/humble CONDA_PROMPT_MODIFIER=(SLAM) /usr/bin/cmake --build /home/young/SLAM/ORB_SLAM3/ROS2/build/cv_bridge -- -j16 -l16
[0.719s] Invoking command in '/home/young/SLAM/ORB_SLAM3/ROS2/build/cv_bridge': CMAKE_PREFIX_PATH=/opt/ros/humble CONDA_PROMPT_MODIFIER=(SLAM) /usr/bin/cmake --install /home/young/SLAM/ORB_SLAM3/ROS2/build/cv_bridge
[0.730s] -- Install configuration: ""
[0.730s] -- Execute custom install script
[0.731s] -- Up-to-date symlink: /home/young/SLAM/ORB_SLAM3/ROS2/install/cv_bridge/share/cv_bridge/environment/pythonpath.sh
[0.731s] -- Up-to-date symlink: /home/young/SLAM/ORB_SLAM3/ROS2/install/cv_bridge/share/cv_bridge/environment/pythonpath.dsv
[0.731s] -- Up-to-date symlink: /home/young/SLAM/ORB_SLAM3/ROS2/install/cv_bridge/local/lib/python3.10/dist-packages/cv_bridge-3.0.3-py3.10.egg-info/PKG-INFO
[0.731s] -- Up-to-date symlink: /home/young/SLAM/ORB_SLAM3/ROS2/install/cv_bridge/local/lib/python3.10/dist-packages/cv_bridge-3.0.3-py3.10.egg-info/SOURCES.txt
[0.732s] -- Up-to-date symlink: /home/young/SLAM/ORB_SLAM3/ROS2/install/cv_bridge/local/lib/python3.10/dist-packages/cv_bridge-3.0.3-py3.10.egg-info/dependency_links.txt
[0.732s] -- Up-to-date symlink: /home/young/SLAM/ORB_SLAM3/ROS2/install/cv_bridge/local/lib/python3.10/dist-packages/cv_bridge-3.0.3-py3.10.egg-info/top_level.txt
[0.732s] -- Up-to-date symlink: /home/young/SLAM/ORB_SLAM3/ROS2/install/cv_bridge/local/lib/python3.10/dist-packages/cv_bridge/__init__.py
[0.732s] -- Up-to-date symlink: /home/young/SLAM/ORB_SLAM3/ROS2/install/cv_bridge/local/lib/python3.10/dist-packages/cv_bridge/core.py
[0.733s] -- Up-to-date symlink: /home/young/SLAM/ORB_SLAM3/ROS2/install/cv_bridge/include/cv_bridge/cv_bridge/cv_bridge_export.h
[0.733s] -- Up-to-date symlink: /home/young/SLAM/ORB_SLAM3/ROS2/install/cv_bridge/local/lib/python3.10/dist-packages/cv_bridge/boost//cv_bridge_boost.so
[0.734s] -- Up-to-date symlink: /home/young/SLAM/ORB_SLAM3/ROS2/install/cv_bridge/include/cv_bridge/cv_bridge/cv_bridge.h
[0.734s] -- Up-to-date symlink: /home/young/SLAM/ORB_SLAM3/ROS2/install/cv_bridge/include/cv_bridge/cv_bridge/rgb_colors.h
[0.734s] -- Up-to-date symlink: /home/young/SLAM/ORB_SLAM3/ROS2/install/cv_bridge/lib/libcv_bridge.so
[0.734s] -- Up-to-date symlink: /home/young/SLAM/ORB_SLAM3/ROS2/install/cv_bridge/share/ament_index/resource_index/package_run_dependencies/cv_bridge
[0.735s] -- Up-to-date symlink: /home/young/SLAM/ORB_SLAM3/ROS2/install/cv_bridge/share/ament_index/resource_index/parent_prefix_path/cv_bridge
[0.735s] -- Up-to-date symlink: /home/young/SLAM/ORB_SLAM3/ROS2/install/cv_bridge/share/cv_bridge/environment/ament_prefix_path.sh
[0.735s] -- Up-to-date symlink: /home/young/SLAM/ORB_SLAM3/ROS2/install/cv_bridge/share/cv_bridge/environment/ament_prefix_path.dsv
[0.736s] -- Up-to-date symlink: /home/young/SLAM/ORB_SLAM3/ROS2/install/cv_bridge/share/cv_bridge/environment/path.sh
[0.736s] -- Up-to-date symlink: /home/young/SLAM/ORB_SLAM3/ROS2/install/cv_bridge/share/cv_bridge/environment/path.dsv
[0.736s] -- Up-to-date symlink: /home/young/SLAM/ORB_SLAM3/ROS2/install/cv_bridge/share/cv_bridge/local_setup.bash
[0.736s] -- Up-to-date symlink: /home/young/SLAM/ORB_SLAM3/ROS2/install/cv_bridge/share/cv_bridge/local_setup.sh
[0.737s] -- Up-to-date symlink: /home/young/SLAM/ORB_SLAM3/ROS2/install/cv_bridge/share/cv_bridge/local_setup.zsh
[0.737s] -- Up-to-date symlink: /home/young/SLAM/ORB_SLAM3/ROS2/install/cv_bridge/share/cv_bridge/local_setup.dsv
[0.737s] -- Symlinking: /home/young/SLAM/ORB_SLAM3/ROS2/install/cv_bridge/share/cv_bridge/package.dsv
[0.750s] -- Up-to-date symlink: /home/young/SLAM/ORB_SLAM3/ROS2/install/cv_bridge/share/ament_index/resource_index/packages/cv_bridge
[0.750s] -- Up-to-date symlink: /home/young/SLAM/ORB_SLAM3/ROS2/install/cv_bridge/share/cv_bridge/cmake/cv_bridge-extras.cmake
[0.751s] -- Up-to-date symlink: /home/young/SLAM/ORB_SLAM3/ROS2/install/cv_bridge/share/cv_bridge/cmake/ament_cmake_export_dependencies-extras.cmake
[0.751s] -- Up-to-date symlink: /home/young/SLAM/ORB_SLAM3/ROS2/install/cv_bridge/share/cv_bridge/cmake/ament_cmake_export_targets-extras.cmake
[0.751s] -- Up-to-date symlink: /home/young/SLAM/ORB_SLAM3/ROS2/install/cv_bridge/share/cv_bridge/cmake/cv_bridgeConfig.cmake
[0.751s] -- Up-to-date symlink: /home/young/SLAM/ORB_SLAM3/ROS2/install/cv_bridge/share/cv_bridge/cmake/cv_bridgeConfig-version.cmake
[0.751s] -- Up-to-date symlink: /home/young/SLAM/ORB_SLAM3/ROS2/install/cv_bridge/share/cv_bridge/package.xml
[0.797s] Listing '/home/young/SLAM/ORB_SLAM3/ROS2/install/cv_bridge/local/lib/python3.10/dist-packages/cv_bridge'...
[0.797s] Listing '/home/young/SLAM/ORB_SLAM3/ROS2/install/cv_bridge/local/lib/python3.10/dist-packages/cv_bridge/boost'...
[0.803s] -- Up-to-date: /home/young/SLAM/ORB_SLAM3/ROS2/install/cv_bridge/share/cv_bridge/cmake/export_cv_bridgeExport.cmake
[0.803s] -- Up-to-date: /home/young/SLAM/ORB_SLAM3/ROS2/install/cv_bridge/share/cv_bridge/cmake/export_cv_bridgeExport-noconfig.cmake
[0.808s] Invoked command in '/home/young/SLAM/ORB_SLAM3/ROS2/build/cv_bridge' returned '0': CMAKE_PREFIX_PATH=/opt/ros/humble CONDA_PROMPT_MODIFIER=(SLAM) /usr/bin/cmake --install /home/young/SLAM/ORB_SLAM3/ROS2/build/cv_bridge
