[0.065s] Invoking command in '/home/young/SLAM/ORB_SLAM3/ROS2/build/image_transport': CONDA_PROMPT_MODIFIER=(SLAM) /usr/bin/cmake /home/young/SLAM/ORB_SLAM3/ROS2/src/image_common/image_transport -DCATKIN_INSTALL_INTO_PREFIX_ROOT=0 -DCMAKE_INSTALL_PREFIX=/home/young/SLAM/ORB_SLAM3/ROS2/install/image_transport
[0.143s] [31mCMake Error at CMakeLists.txt:4 (find_package):
[0.144s]   By not providing "Findcatkin.cmake" in CMAKE_MODULE_PATH this project has
[0.144s]   asked CMake to find a package configuration file provided by "catkin", but
[0.144s]   CMake did not find one.
[0.145s] 
[0.145s]   Could not find a package configuration file provided by "catkin" with any
[0.145s]   of the following names:
[0.146s] 
[0.146s]     catkinConfig.cmake
[0.146s]     catkin-config.cmake
[0.147s] 
[0.147s]   Add the installation prefix of "catkin" to CMAKE_PREFIX_PATH or set
[0.148s]   "catkin_DIR" to a directory containing one of the above files.  If "catkin"
[0.150s]   provides a separate development package or SDK, be sure it has been
[0.150s]   installed.
[0.152s] 
[0.153s] -- Configuring incomplete, errors occurred!
[0.155s] See also "/home/young/SLAM/ORB_SLAM3/ROS2/build/image_transport/CMakeFiles/CMakeOutput.log".
[0.155s] [0m
[0.156s] Invoked command in '/home/young/SLAM/ORB_SLAM3/ROS2/build/image_transport' returned '1': CONDA_PROMPT_MODIFIER=(SLAM) /usr/bin/cmake /home/young/SLAM/ORB_SLAM3/ROS2/src/image_common/image_transport -DCATKIN_INSTALL_INTO_PREFIX_ROOT=0 -DCMAKE_INSTALL_PREFIX=/home/young/SLAM/ORB_SLAM3/ROS2/install/image_transport
