[0.039s] Invoking command in '/home/young/SLAM/ORB_SLAM3/ROS2/build/image_geometry': CMAKE_PREFIX_PATH=/opt/ros/humble CONDA_PROMPT_MODIFIER=(SLAM) /usr/bin/cmake --build /home/young/SLAM/ORB_SLAM3/ROS2/build/image_geometry -- -j16 -l16
[0.132s] [35m[1mConsolidate compiler generated dependencies of target gtest[0m
[0.134s] [35m[1mConsolidate compiler generated dependencies of target image_geometry[0m
[0.136s] [35m[1mConsolidate compiler generated dependencies of target gtest_main[0m
[0.172s] [ 22%] Built target gtest
[0.174s] [ 44%] Built target gtest_main
[0.177s] [ 77%] Built target image_geometry
[0.180s] [ 77%] Built target ament_cmake_python_symlink_image_geometry
[0.199s] [35m[1mConsolidate compiler generated dependencies of target image_geometry-utest[0m
[0.233s] [100%] Built target image_geometry-utest
[0.595s] running egg_info
[0.597s] writing image_geometry.egg-info/PKG-INFO
[0.598s] writing dependency_links to image_geometry.egg-info/dependency_links.txt
[0.598s] writing top-level names to image_geometry.egg-info/top_level.txt
[0.603s] reading manifest file 'image_geometry.egg-info/SOURCES.txt'
[0.604s] writing manifest file 'image_geometry.egg-info/SOURCES.txt'
[0.647s] [100%] Built target ament_cmake_python_build_image_geometry_egg
[0.663s] Invoked command in '/home/young/SLAM/ORB_SLAM3/ROS2/build/image_geometry' returned '0': CMAKE_PREFIX_PATH=/opt/ros/humble CONDA_PROMPT_MODIFIER=(SLAM) /usr/bin/cmake --build /home/young/SLAM/ORB_SLAM3/ROS2/build/image_geometry -- -j16 -l16
[0.711s] Invoking command in '/home/young/SLAM/ORB_SLAM3/ROS2/build/image_geometry': CMAKE_PREFIX_PATH=/opt/ros/humble CONDA_PROMPT_MODIFIER=(SLAM) /usr/bin/cmake --install /home/young/SLAM/ORB_SLAM3/ROS2/build/image_geometry
[0.721s] -- Install configuration: ""
[0.722s] -- Execute custom install script
[0.723s] -- Up-to-date symlink: /home/young/SLAM/ORB_SLAM3/ROS2/install/image_geometry/share/image_geometry/environment/pythonpath.sh
[0.723s] -- Up-to-date symlink: /home/young/SLAM/ORB_SLAM3/ROS2/install/image_geometry/share/image_geometry/environment/pythonpath.dsv
[0.723s] -- Up-to-date symlink: /home/young/SLAM/ORB_SLAM3/ROS2/install/image_geometry/local/lib/python3.10/dist-packages/image_geometry-3.0.3-py3.10.egg-info/PKG-INFO
[0.724s] -- Up-to-date symlink: /home/young/SLAM/ORB_SLAM3/ROS2/install/image_geometry/local/lib/python3.10/dist-packages/image_geometry-3.0.3-py3.10.egg-info/SOURCES.txt
[0.724s] -- Up-to-date symlink: /home/young/SLAM/ORB_SLAM3/ROS2/install/image_geometry/local/lib/python3.10/dist-packages/image_geometry-3.0.3-py3.10.egg-info/dependency_links.txt
[0.724s] -- Up-to-date symlink: /home/young/SLAM/ORB_SLAM3/ROS2/install/image_geometry/local/lib/python3.10/dist-packages/image_geometry-3.0.3-py3.10.egg-info/top_level.txt
[0.724s] -- Up-to-date symlink: /home/young/SLAM/ORB_SLAM3/ROS2/install/image_geometry/local/lib/python3.10/dist-packages/image_geometry/__init__.py
[0.725s] -- Up-to-date symlink: /home/young/SLAM/ORB_SLAM3/ROS2/install/image_geometry/local/lib/python3.10/dist-packages/image_geometry/cameramodels.py
[0.725s] -- Up-to-date symlink: /home/young/SLAM/ORB_SLAM3/ROS2/install/image_geometry/include/image_geometry/image_geometry/pinhole_camera_model.h
[0.725s] -- Up-to-date symlink: /home/young/SLAM/ORB_SLAM3/ROS2/install/image_geometry/include/image_geometry/image_geometry/stereo_camera_model.h
[0.725s] -- Up-to-date symlink: /home/young/SLAM/ORB_SLAM3/ROS2/install/image_geometry/include/image_geometry/image_geometry/visibility_control.hpp
[0.726s] -- Up-to-date symlink: /home/young/SLAM/ORB_SLAM3/ROS2/install/image_geometry/share/ament_index/resource_index/package_run_dependencies/image_geometry
[0.726s] -- Up-to-date symlink: /home/young/SLAM/ORB_SLAM3/ROS2/install/image_geometry/share/ament_index/resource_index/parent_prefix_path/image_geometry
[0.726s] -- Up-to-date symlink: /home/young/SLAM/ORB_SLAM3/ROS2/install/image_geometry/share/image_geometry/environment/ament_prefix_path.sh
[0.726s] -- Up-to-date symlink: /home/young/SLAM/ORB_SLAM3/ROS2/install/image_geometry/share/image_geometry/environment/ament_prefix_path.dsv
[0.726s] -- Up-to-date symlink: /home/young/SLAM/ORB_SLAM3/ROS2/install/image_geometry/share/image_geometry/environment/path.sh
[0.727s] -- Up-to-date symlink: /home/young/SLAM/ORB_SLAM3/ROS2/install/image_geometry/share/image_geometry/environment/path.dsv
[0.727s] -- Up-to-date symlink: /home/young/SLAM/ORB_SLAM3/ROS2/install/image_geometry/share/image_geometry/local_setup.bash
[0.727s] -- Up-to-date symlink: /home/young/SLAM/ORB_SLAM3/ROS2/install/image_geometry/share/image_geometry/local_setup.sh
[0.727s] -- Up-to-date symlink: /home/young/SLAM/ORB_SLAM3/ROS2/install/image_geometry/share/image_geometry/local_setup.zsh
[0.727s] -- Up-to-date symlink: /home/young/SLAM/ORB_SLAM3/ROS2/install/image_geometry/share/image_geometry/local_setup.dsv
[0.727s] -- Symlinking: /home/young/SLAM/ORB_SLAM3/ROS2/install/image_geometry/share/image_geometry/package.dsv
[0.741s] -- Up-to-date symlink: /home/young/SLAM/ORB_SLAM3/ROS2/install/image_geometry/share/ament_index/resource_index/packages/image_geometry
[0.741s] -- Up-to-date symlink: /home/young/SLAM/ORB_SLAM3/ROS2/install/image_geometry/share/image_geometry/cmake/ament_cmake_export_targets-extras.cmake
[0.741s] -- Up-to-date symlink: /home/young/SLAM/ORB_SLAM3/ROS2/install/image_geometry/share/image_geometry/cmake/ament_cmake_export_dependencies-extras.cmake
[0.742s] -- Up-to-date symlink: /home/young/SLAM/ORB_SLAM3/ROS2/install/image_geometry/share/image_geometry/cmake/image_geometryConfig.cmake
[0.742s] -- Up-to-date symlink: /home/young/SLAM/ORB_SLAM3/ROS2/install/image_geometry/share/image_geometry/cmake/image_geometryConfig-version.cmake
[0.742s] -- Up-to-date symlink: /home/young/SLAM/ORB_SLAM3/ROS2/install/image_geometry/share/image_geometry/package.xml
[0.785s] Listing '/home/young/SLAM/ORB_SLAM3/ROS2/install/image_geometry/local/lib/python3.10/dist-packages/image_geometry'...
[0.791s] -- Up-to-date: /home/young/SLAM/ORB_SLAM3/ROS2/install/image_geometry/lib/libimage_geometry.so
[0.791s] -- Up-to-date: /home/young/SLAM/ORB_SLAM3/ROS2/install/image_geometry/share/image_geometry/cmake/export_image_geometryExport.cmake
[0.792s] -- Up-to-date: /home/young/SLAM/ORB_SLAM3/ROS2/install/image_geometry/share/image_geometry/cmake/export_image_geometryExport-noconfig.cmake
[0.820s] Invoked command in '/home/young/SLAM/ORB_SLAM3/ROS2/build/image_geometry' returned '0': CMAKE_PREFIX_PATH=/opt/ros/humble CONDA_PROMPT_MODIFIER=(SLAM) /usr/bin/cmake --install /home/young/SLAM/ORB_SLAM3/ROS2/build/image_geometry
