[0.023s] Invoking command in '/home/young/SLAM/ORB_SLAM3/ROS2/build/image_geometry': CMAKE_PREFIX_PATH=/opt/ros/humble CONDA_PROMPT_MODIFIER=(SLAM) /usr/bin/cmake --build /home/young/SLAM/ORB_SLAM3/ROS2/build/image_geometry -- -j16 -l16
[0.094s] [35m[1mConsolidate compiler generated dependencies of target gtest_main[0m
[0.097s] [35m[1mConsolidate compiler generated dependencies of target gtest[0m
[0.097s] [35m[1mConsolidate compiler generated dependencies of target image_geometry[0m
[0.138s] [ 22%] Built target gtest_main
[0.141s] [ 44%] Built target gtest
[0.146s] [ 44%] Built target ament_cmake_python_symlink_image_geometry
[0.147s] [ 77%] Built target image_geometry
[0.172s] [35m[1mConsolidate compiler generated dependencies of target image_geometry-utest[0m
[0.209s] [100%] Built target image_geometry-utest
[0.545s] running egg_info
[0.546s] writing image_geometry.egg-info/PKG-INFO
[0.546s] writing dependency_links to image_geometry.egg-info/dependency_links.txt
[0.547s] writing top-level names to image_geometry.egg-info/top_level.txt
[0.551s] reading manifest file 'image_geometry.egg-info/SOURCES.txt'
[0.552s] writing manifest file 'image_geometry.egg-info/SOURCES.txt'
[0.590s] [100%] Built target ament_cmake_python_build_image_geometry_egg
[0.606s] Invoked command in '/home/young/SLAM/ORB_SLAM3/ROS2/build/image_geometry' returned '0': CMAKE_PREFIX_PATH=/opt/ros/humble CONDA_PROMPT_MODIFIER=(SLAM) /usr/bin/cmake --build /home/young/SLAM/ORB_SLAM3/ROS2/build/image_geometry -- -j16 -l16
[0.666s] Invoking command in '/home/young/SLAM/ORB_SLAM3/ROS2/build/image_geometry': CMAKE_PREFIX_PATH=/opt/ros/humble CONDA_PROMPT_MODIFIER=(SLAM) /usr/bin/cmake --install /home/young/SLAM/ORB_SLAM3/ROS2/build/image_geometry
[0.676s] -- Install configuration: ""
[0.677s] -- Execute custom install script
[0.677s] -- Up-to-date symlink: /home/young/SLAM/ORB_SLAM3/ROS2/install/image_geometry/share/image_geometry/environment/pythonpath.sh
[0.678s] -- Up-to-date symlink: /home/young/SLAM/ORB_SLAM3/ROS2/install/image_geometry/share/image_geometry/environment/pythonpath.dsv
[0.678s] -- Up-to-date symlink: /home/young/SLAM/ORB_SLAM3/ROS2/install/image_geometry/local/lib/python3.10/dist-packages/image_geometry-3.0.3-py3.10.egg-info/PKG-INFO
[0.678s] -- Up-to-date symlink: /home/young/SLAM/ORB_SLAM3/ROS2/install/image_geometry/local/lib/python3.10/dist-packages/image_geometry-3.0.3-py3.10.egg-info/SOURCES.txt
[0.679s] -- Up-to-date symlink: /home/young/SLAM/ORB_SLAM3/ROS2/install/image_geometry/local/lib/python3.10/dist-packages/image_geometry-3.0.3-py3.10.egg-info/dependency_links.txt
[0.679s] -- Up-to-date symlink: /home/young/SLAM/ORB_SLAM3/ROS2/install/image_geometry/local/lib/python3.10/dist-packages/image_geometry-3.0.3-py3.10.egg-info/top_level.txt
[0.679s] -- Up-to-date symlink: /home/young/SLAM/ORB_SLAM3/ROS2/install/image_geometry/local/lib/python3.10/dist-packages/image_geometry/__init__.py
[0.680s] -- Up-to-date symlink: /home/young/SLAM/ORB_SLAM3/ROS2/install/image_geometry/local/lib/python3.10/dist-packages/image_geometry/cameramodels.py
[0.680s] -- Up-to-date symlink: /home/young/SLAM/ORB_SLAM3/ROS2/install/image_geometry/include/image_geometry/image_geometry/pinhole_camera_model.h
[0.680s] -- Up-to-date symlink: /home/young/SLAM/ORB_SLAM3/ROS2/install/image_geometry/include/image_geometry/image_geometry/stereo_camera_model.h
[0.680s] -- Up-to-date symlink: /home/young/SLAM/ORB_SLAM3/ROS2/install/image_geometry/include/image_geometry/image_geometry/visibility_control.hpp
[0.681s] -- Up-to-date symlink: /home/young/SLAM/ORB_SLAM3/ROS2/install/image_geometry/share/ament_index/resource_index/package_run_dependencies/image_geometry
[0.681s] -- Up-to-date symlink: /home/young/SLAM/ORB_SLAM3/ROS2/install/image_geometry/share/ament_index/resource_index/parent_prefix_path/image_geometry
[0.681s] -- Up-to-date symlink: /home/young/SLAM/ORB_SLAM3/ROS2/install/image_geometry/share/image_geometry/environment/ament_prefix_path.sh
[0.682s] -- Up-to-date symlink: /home/young/SLAM/ORB_SLAM3/ROS2/install/image_geometry/share/image_geometry/environment/ament_prefix_path.dsv
[0.682s] -- Up-to-date symlink: /home/young/SLAM/ORB_SLAM3/ROS2/install/image_geometry/share/image_geometry/environment/path.sh
[0.682s] -- Up-to-date symlink: /home/young/SLAM/ORB_SLAM3/ROS2/install/image_geometry/share/image_geometry/environment/path.dsv
[0.682s] -- Up-to-date symlink: /home/young/SLAM/ORB_SLAM3/ROS2/install/image_geometry/share/image_geometry/local_setup.bash
[0.683s] -- Up-to-date symlink: /home/young/SLAM/ORB_SLAM3/ROS2/install/image_geometry/share/image_geometry/local_setup.sh
[0.683s] -- Up-to-date symlink: /home/young/SLAM/ORB_SLAM3/ROS2/install/image_geometry/share/image_geometry/local_setup.zsh
[0.683s] -- Up-to-date symlink: /home/young/SLAM/ORB_SLAM3/ROS2/install/image_geometry/share/image_geometry/local_setup.dsv
[0.683s] -- Symlinking: /home/young/SLAM/ORB_SLAM3/ROS2/install/image_geometry/share/image_geometry/package.dsv
[0.697s] -- Up-to-date symlink: /home/young/SLAM/ORB_SLAM3/ROS2/install/image_geometry/share/ament_index/resource_index/packages/image_geometry
[0.698s] -- Up-to-date symlink: /home/young/SLAM/ORB_SLAM3/ROS2/install/image_geometry/share/image_geometry/cmake/ament_cmake_export_targets-extras.cmake
[0.698s] -- Up-to-date symlink: /home/young/SLAM/ORB_SLAM3/ROS2/install/image_geometry/share/image_geometry/cmake/ament_cmake_export_dependencies-extras.cmake
[0.698s] -- Up-to-date symlink: /home/young/SLAM/ORB_SLAM3/ROS2/install/image_geometry/share/image_geometry/cmake/image_geometryConfig.cmake
[0.698s] -- Up-to-date symlink: /home/young/SLAM/ORB_SLAM3/ROS2/install/image_geometry/share/image_geometry/cmake/image_geometryConfig-version.cmake
[0.698s] -- Up-to-date symlink: /home/young/SLAM/ORB_SLAM3/ROS2/install/image_geometry/share/image_geometry/package.xml
[0.745s] Listing '/home/young/SLAM/ORB_SLAM3/ROS2/install/image_geometry/local/lib/python3.10/dist-packages/image_geometry'...
[0.752s] -- Up-to-date: /home/young/SLAM/ORB_SLAM3/ROS2/install/image_geometry/lib/libimage_geometry.so
[0.752s] -- Up-to-date: /home/young/SLAM/ORB_SLAM3/ROS2/install/image_geometry/share/image_geometry/cmake/export_image_geometryExport.cmake
[0.752s] -- Up-to-date: /home/young/SLAM/ORB_SLAM3/ROS2/install/image_geometry/share/image_geometry/cmake/export_image_geometryExport-noconfig.cmake
[0.755s] Invoked command in '/home/young/SLAM/ORB_SLAM3/ROS2/build/image_geometry' returned '0': CMAKE_PREFIX_PATH=/opt/ros/humble CONDA_PROMPT_MODIFIER=(SLAM) /usr/bin/cmake --install /home/young/SLAM/ORB_SLAM3/ROS2/build/image_geometry
