[0.013s] Invoking command in '/home/young/SLAM/ORB_SLAM3/ROS2/build/ros2_orbslam': CMAKE_PREFIX_PATH=/opt/ros/humble CONDA_PROMPT_MODIFIER=(SLAM) /usr/bin/cmake --build /home/young/SLAM/ORB_SLAM3/ROS2/build/ros2_orbslam -- -j16 -l16
[0.046s] -- Found ament_cmake: 1.3.2 (/opt/ros/humble/share/ament_cmake/cmake)
[0.207s] -- Found rclcpp: 16.0.1 (/opt/ros/humble/share/rclcpp/cmake)
[0.238s] -- Found rosidl_generator_c: 3.1.3 (/opt/ros/humble/share/rosidl_generator_c/cmake)
[0.240s] -- Found rosidl_adapter: 3.1.3 (/opt/ros/humble/share/rosidl_adapter/cmake)
[0.247s] -- Found rosidl_generator_cpp: 3.1.3 (/opt/ros/humble/share/rosidl_generator_cpp/cmake)
[0.260s] -- Using all available rosidl_typesupport_c: rosidl_typesupport_fastrtps_c;rosidl_typesupport_introspection_c
[0.278s] -- Using all available rosidl_typesupport_cpp: rosidl_typesupport_fastrtps_cpp;rosidl_typesupport_introspection_cpp
[0.342s] -- Found rmw_implementation_cmake: 6.1.0 (/opt/ros/humble/share/rmw_implementation_cmake/cmake)
[0.343s] -- Found rmw_fastrtps_cpp: 6.2.1 (/opt/ros/humble/share/rmw_fastrtps_cpp/cmake)
[0.453s] -- Using RMW implementation 'rmw_fastrtps_cpp' as default
[0.598s] -- Found sensor_msgs: 4.2.2 (/opt/ros/humble/share/sensor_msgs/cmake)
[0.761s] -- Found cv_bridge: 3.0.3 (/opt/ros/humble/share/cv_bridge/cmake)
[0.769s] -- Found message_filters: 4.3.2 (/opt/ros/humble/share/message_filters/cmake)
[0.837s] -- Configuring done
[0.861s] -- Generating done
[0.863s] -- Build files have been written to: /home/young/SLAM/ORB_SLAM3/ROS2/build/ros2_orbslam
[0.896s] [35m[1mConsolidate compiler generated dependencies of target mono[0m
[0.896s] [35m[1mConsolidate compiler generated dependencies of target stereo[0m
[0.896s] [35m[1mConsolidate compiler generated dependencies of target rgbd[0m
[0.953s] [ 22%] [32m[1mLinking CXX executable stereo[0m
[0.954s] [ 44%] Built target rgbd
[0.954s] [ 77%] Built target mono
[1.335s] /usr/bin/ld: warning: libopencv_imgcodecs.so.4.5d, needed by /opt/ros/humble/lib/libcv_bridge.so, may conflict with libopencv_imgcodecs.so.406
[1.336s] /usr/bin/ld: warning: libopencv_imgproc.so.4.5d, needed by /opt/ros/humble/lib/libcv_bridge.so, may conflict with libopencv_imgproc.so.406
[1.337s] /usr/bin/ld: warning: libopencv_core.so.4.5d, needed by /opt/ros/humble/lib/libcv_bridge.so, may conflict with libopencv_core.so.406
[1.346s] /usr/bin/ld: CMakeFiles/stereo.dir/src/stereo/stereo-slam-node.cpp.o: undefined reference to symbol '_ZN2cv23initUndistortRectifyMapERKNS_11_InputArrayES2_S2_S2_NS_5Size_IiEEiRKNS_12_OutputArrayES7_'
[1.347s] /usr/bin/ld: /usr/local/opencv4/lib/libopencv_calib3d.so.406: error adding symbols: DSO missing from command line
[1.352s] collect2: error: ld returned 1 exit status
[1.354s] gmake[2]: *** [CMakeFiles/stereo.dir/build.make:218: stereo] Error 1
[1.354s] gmake[1]: *** [CMakeFiles/Makefile2:193: CMakeFiles/stereo.dir/all] Error 2
[1.354s] gmake: *** [Makefile:146: all] Error 2
[1.357s] Invoked command in '/home/young/SLAM/ORB_SLAM3/ROS2/build/ros2_orbslam' returned '2': CMAKE_PREFIX_PATH=/opt/ros/humble CONDA_PROMPT_MODIFIER=(SLAM) /usr/bin/cmake --build /home/young/SLAM/ORB_SLAM3/ROS2/build/ros2_orbslam -- -j16 -l16
