[0.029s] Invoking command in '/home/young/SLAM/ORB_SLAM3/ROS2/build/cv_bridge': CMAKE_PREFIX_PATH=/opt/ros/humble CONDA_PROMPT_MODIFIER=(SLAM) /usr/bin/cmake --build /home/young/SLAM/ORB_SLAM3/ROS2/build/cv_bridge -- -j16 -l16
[0.109s] [35m[1mConsolidate compiler generated dependencies of target gtest_main[0m
[0.110s] [35m[1mConsolidate compiler generated dependencies of target cv_bridge[0m
[0.116s] [35m[1mConsolidate compiler generated dependencies of target gtest[0m
[0.152s] [ 12%] Built target gtest_main
[0.158s] [ 25%] Built target gtest
[0.161s] [ 43%] Built target cv_bridge
[0.162s] [ 43%] Built target ament_cmake_python_symlink_cv_bridge
[0.190s] [35m[1mConsolidate compiler generated dependencies of target cv_bridge_boost[0m
[0.190s] [35m[1mConsolidate compiler generated dependencies of target cv_bridge-utest[0m
[0.242s] [ 81%] Built target cv_bridge-utest
[0.259s] [100%] Built target cv_bridge_boost
[0.587s] running egg_info
[0.588s] writing cv_bridge.egg-info/PKG-INFO
[0.588s] writing dependency_links to cv_bridge.egg-info/dependency_links.txt
[0.589s] writing top-level names to cv_bridge.egg-info/top_level.txt
[0.592s] reading manifest file 'cv_bridge.egg-info/SOURCES.txt'
[0.593s] writing manifest file 'cv_bridge.egg-info/SOURCES.txt'
[0.632s] [100%] Built target ament_cmake_python_build_cv_bridge_egg
[0.646s] Invoked command in '/home/young/SLAM/ORB_SLAM3/ROS2/build/cv_bridge' returned '0': CMAKE_PREFIX_PATH=/opt/ros/humble CONDA_PROMPT_MODIFIER=(SLAM) /usr/bin/cmake --build /home/young/SLAM/ORB_SLAM3/ROS2/build/cv_bridge -- -j16 -l16
[0.685s] Invoking command in '/home/young/SLAM/ORB_SLAM3/ROS2/build/cv_bridge': CMAKE_PREFIX_PATH=/opt/ros/humble CONDA_PROMPT_MODIFIER=(SLAM) /usr/bin/cmake --install /home/young/SLAM/ORB_SLAM3/ROS2/build/cv_bridge
[0.694s] -- Install configuration: ""
[0.695s] -- Execute custom install script
[0.696s] -- Up-to-date symlink: /home/young/SLAM/ORB_SLAM3/ROS2/install/cv_bridge/share/cv_bridge/environment/pythonpath.sh
[0.696s] -- Up-to-date symlink: /home/young/SLAM/ORB_SLAM3/ROS2/install/cv_bridge/share/cv_bridge/environment/pythonpath.dsv
[0.696s] -- Up-to-date symlink: /home/young/SLAM/ORB_SLAM3/ROS2/install/cv_bridge/local/lib/python3.10/dist-packages/cv_bridge-3.0.3-py3.10.egg-info/PKG-INFO
[0.697s] -- Up-to-date symlink: /home/young/SLAM/ORB_SLAM3/ROS2/install/cv_bridge/local/lib/python3.10/dist-packages/cv_bridge-3.0.3-py3.10.egg-info/SOURCES.txt
[0.697s] -- Up-to-date symlink: /home/young/SLAM/ORB_SLAM3/ROS2/install/cv_bridge/local/lib/python3.10/dist-packages/cv_bridge-3.0.3-py3.10.egg-info/dependency_links.txt
[0.697s] -- Up-to-date symlink: /home/young/SLAM/ORB_SLAM3/ROS2/install/cv_bridge/local/lib/python3.10/dist-packages/cv_bridge-3.0.3-py3.10.egg-info/top_level.txt
[0.697s] -- Up-to-date symlink: /home/young/SLAM/ORB_SLAM3/ROS2/install/cv_bridge/local/lib/python3.10/dist-packages/cv_bridge/__init__.py
[0.698s] -- Up-to-date symlink: /home/young/SLAM/ORB_SLAM3/ROS2/install/cv_bridge/local/lib/python3.10/dist-packages/cv_bridge/core.py
[0.698s] -- Up-to-date symlink: /home/young/SLAM/ORB_SLAM3/ROS2/install/cv_bridge/include/cv_bridge/cv_bridge/cv_bridge_export.h
[0.698s] -- Up-to-date symlink: /home/young/SLAM/ORB_SLAM3/ROS2/install/cv_bridge/local/lib/python3.10/dist-packages/cv_bridge/boost//cv_bridge_boost.so
[0.699s] -- Up-to-date symlink: /home/young/SLAM/ORB_SLAM3/ROS2/install/cv_bridge/include/cv_bridge/cv_bridge/cv_bridge.h
[0.699s] -- Up-to-date symlink: /home/young/SLAM/ORB_SLAM3/ROS2/install/cv_bridge/include/cv_bridge/cv_bridge/rgb_colors.h
[0.699s] -- Up-to-date symlink: /home/young/SLAM/ORB_SLAM3/ROS2/install/cv_bridge/lib/libcv_bridge.so
[0.700s] -- Up-to-date symlink: /home/young/SLAM/ORB_SLAM3/ROS2/install/cv_bridge/share/ament_index/resource_index/package_run_dependencies/cv_bridge
[0.700s] -- Up-to-date symlink: /home/young/SLAM/ORB_SLAM3/ROS2/install/cv_bridge/share/ament_index/resource_index/parent_prefix_path/cv_bridge
[0.700s] -- Up-to-date symlink: /home/young/SLAM/ORB_SLAM3/ROS2/install/cv_bridge/share/cv_bridge/environment/ament_prefix_path.sh
[0.700s] -- Up-to-date symlink: /home/young/SLAM/ORB_SLAM3/ROS2/install/cv_bridge/share/cv_bridge/environment/ament_prefix_path.dsv
[0.701s] -- Up-to-date symlink: /home/young/SLAM/ORB_SLAM3/ROS2/install/cv_bridge/share/cv_bridge/environment/path.sh
[0.701s] -- Up-to-date symlink: /home/young/SLAM/ORB_SLAM3/ROS2/install/cv_bridge/share/cv_bridge/environment/path.dsv
[0.701s] -- Up-to-date symlink: /home/young/SLAM/ORB_SLAM3/ROS2/install/cv_bridge/share/cv_bridge/local_setup.bash
[0.701s] -- Up-to-date symlink: /home/young/SLAM/ORB_SLAM3/ROS2/install/cv_bridge/share/cv_bridge/local_setup.sh
[0.702s] -- Up-to-date symlink: /home/young/SLAM/ORB_SLAM3/ROS2/install/cv_bridge/share/cv_bridge/local_setup.zsh
[0.702s] -- Up-to-date symlink: /home/young/SLAM/ORB_SLAM3/ROS2/install/cv_bridge/share/cv_bridge/local_setup.dsv
[0.702s] -- Symlinking: /home/young/SLAM/ORB_SLAM3/ROS2/install/cv_bridge/share/cv_bridge/package.dsv
[0.714s] -- Up-to-date symlink: /home/young/SLAM/ORB_SLAM3/ROS2/install/cv_bridge/share/ament_index/resource_index/packages/cv_bridge
[0.714s] -- Up-to-date symlink: /home/young/SLAM/ORB_SLAM3/ROS2/install/cv_bridge/share/cv_bridge/cmake/cv_bridge-extras.cmake
[0.715s] -- Up-to-date symlink: /home/young/SLAM/ORB_SLAM3/ROS2/install/cv_bridge/share/cv_bridge/cmake/ament_cmake_export_dependencies-extras.cmake
[0.715s] -- Up-to-date symlink: /home/young/SLAM/ORB_SLAM3/ROS2/install/cv_bridge/share/cv_bridge/cmake/ament_cmake_export_targets-extras.cmake
[0.715s] -- Up-to-date symlink: /home/young/SLAM/ORB_SLAM3/ROS2/install/cv_bridge/share/cv_bridge/cmake/cv_bridgeConfig.cmake
[0.715s] -- Up-to-date symlink: /home/young/SLAM/ORB_SLAM3/ROS2/install/cv_bridge/share/cv_bridge/cmake/cv_bridgeConfig-version.cmake
[0.716s] -- Up-to-date symlink: /home/young/SLAM/ORB_SLAM3/ROS2/install/cv_bridge/share/cv_bridge/package.xml
[0.762s] Listing '/home/young/SLAM/ORB_SLAM3/ROS2/install/cv_bridge/local/lib/python3.10/dist-packages/cv_bridge'...
[0.762s] Listing '/home/young/SLAM/ORB_SLAM3/ROS2/install/cv_bridge/local/lib/python3.10/dist-packages/cv_bridge/boost'...
[0.770s] -- Up-to-date: /home/young/SLAM/ORB_SLAM3/ROS2/install/cv_bridge/share/cv_bridge/cmake/export_cv_bridgeExport.cmake
[0.770s] -- Up-to-date: /home/young/SLAM/ORB_SLAM3/ROS2/install/cv_bridge/share/cv_bridge/cmake/export_cv_bridgeExport-noconfig.cmake
[0.802s] Invoked command in '/home/young/SLAM/ORB_SLAM3/ROS2/build/cv_bridge' returned '0': CMAKE_PREFIX_PATH=/opt/ros/humble CONDA_PROMPT_MODIFIER=(SLAM) /usr/bin/cmake --install /home/young/SLAM/ORB_SLAM3/ROS2/build/cv_bridge
