[0.053s] Invoking command in '/home/young/SLAM/ORB_SLAM3/ROS2/build/image_transport': CONDA_PROMPT_MODIFIER=(SLAM) /usr/bin/cmake /home/young/SLAM/ORB_SLAM3/ROS2/src/image_common/image_transport -DCATKIN_INSTALL_INTO_PREFIX_ROOT=0 -DCATKIN_SYMLINK_INSTALL=ON -DCMAKE_INSTALL_PREFIX=/home/young/SLAM/ORB_SLAM3/ROS2/install/image_transport
[0.269s] -- The C compiler identification is GNU 11.2.0
[0.414s] -- The CXX compiler identification is GNU 11.2.0
[0.434s] -- Detecting C compiler ABI info
[0.605s] -- Detecting C compiler ABI info - done
[0.632s] -- Check for working C compiler: /usr/bin/cc - skipped
[0.642s] -- Detecting C compile features
[0.644s] -- Detecting C compile features - done
[0.661s] -- Detecting CXX compiler ABI info
[0.859s] -- Detecting CXX compiler ABI info - done
[0.889s] -- Check for working CXX compiler: /usr/bin/c++ - skipped
[0.890s] -- Detecting CXX compile features
[0.891s] -- Detecting CXX compile features - done
[0.932s] -- Configuring incomplete, errors occurred!
[0.934s] See also "/home/young/SLAM/ORB_SLAM3/ROS2/build/image_transport/CMakeFiles/CMakeOutput.log".
[0.934s] [31mCMake Error at CMakeLists.txt:4 (find_package):
[0.935s]   By not providing "Findcatkin.cmake" in CMAKE_MODULE_PATH this project has
[0.935s]   asked CMake to find a package configuration file provided by "catkin", but
[0.935s]   CMake did not find one.
[0.935s] 
[0.937s]   Could not find a package configuration file provided by "catkin" with any
[0.939s]   of the following names:
[0.940s] 
[0.941s]     catkinConfig.cmake
[0.945s]     catkin-config.cmake
[0.945s] 
[0.946s]   Add the installation prefix of "catkin" to CMAKE_PREFIX_PATH or set
[0.947s]   "catkin_DIR" to a directory containing one of the above files.  If "catkin"
[0.947s]   provides a separate development package or SDK, be sure it has been
[0.949s]   installed.
[0.950s] 
[0.952s] [0m
