[0.061s] Invoking command in '/home/young/SLAM/ORB_SLAM3/ROS2/build/camera_calibration_parsers': CONDA_PROMPT_MODIFIER=(SLAM) /usr/bin/cmake /home/young/SLAM/ORB_SLAM3/ROS2/src/image_common/camera_calibration_parsers -DCATKIN_INSTALL_INTO_PREFIX_ROOT=0 -DCMAKE_INSTALL_PREFIX=/home/young/SLAM/ORB_SLAM3/ROS2/install/camera_calibration_parsers
[0.147s] -- Configuring incomplete, errors occurred!
[0.148s] See also "/home/young/SLAM/ORB_SLAM3/ROS2/build/camera_calibration_parsers/CMakeFiles/CMakeOutput.log".
[0.148s] [31mCMake Error at CMakeLists.txt:4 (find_package):
[0.148s]   By not providing "Findcatkin.cmake" in CMAKE_MODULE_PATH this project has
[0.148s]   asked CMake to find a package configuration file provided by "catkin", but
[0.149s]   CMake did not find one.
[0.149s] 
[0.150s]   Could not find a package configuration file provided by "catkin" with any
[0.152s]   of the following names:
[0.153s] 
[0.153s]     catkinConfig.cmake
[0.153s]     catkin-config.cmake
[0.154s] 
[0.154s]   Add the installation prefix of "catkin" to CMAKE_PREFIX_PATH or set
[0.154s]   "catkin_DIR" to a directory containing one of the above files.  If "catkin"
[0.154s]   provides a separate development package or SDK, be sure it has been
[0.155s]   installed.
[0.155s] 
[0.155s] [0m
[0.156s] Invoked command in '/home/young/SLAM/ORB_SLAM3/ROS2/build/camera_calibration_parsers' returned '1': CONDA_PROMPT_MODIFIER=(SLAM) /usr/bin/cmake /home/young/SLAM/ORB_SLAM3/ROS2/src/image_common/camera_calibration_parsers -DCATKIN_INSTALL_INTO_PREFIX_ROOT=0 -DCMAKE_INSTALL_PREFIX=/home/young/SLAM/ORB_SLAM3/ROS2/install/camera_calibration_parsers
