[0.352s] DEBUG:colcon:Command line arguments: ['/usr/bin/colcon', 'build', '--symlink-install']
[0.353s] DEBUG:colcon:Parsed command line arguments: Namespace(log_base=None, log_level=None, verb_name='build', build_base='build', install_base='install', merge_install=False, symlink_install=True, test_result_base=None, continue_on_error=False, executor='parallel', parallel_workers=16, event_handlers=None, ignore_user_meta=False, metas=['./colcon.meta'], base_paths=['.'], packages_ignore=None, packages_ignore_regex=None, paths=None, packages_up_to=None, packages_up_to_regex=None, packages_above=None, packages_above_and_dependencies=None, packages_above_depth=None, packages_select_by_dep=None, packages_skip_by_dep=None, packages_skip_up_to=None, packages_select_build_failed=False, packages_skip_build_finished=False, packages_select_test_failures=False, packages_skip_test_passed=False, packages_select=None, packages_skip=None, packages_select_regex=None, packages_skip_regex=None, packages_start=None, packages_end=None, allow_overriding=[], cmake_args=None, cmake_target=None, cmake_target_skip_unavailable=False, cmake_clean_cache=False, cmake_clean_first=False, cmake_force_configure=False, ament_cmake_args=None, catkin_cmake_args=None, catkin_skip_building_tests=False, verb_parser=<colcon_defaults.argument_parser.defaults.DefaultArgumentsDecorator object at 0x7fb1e6dfd5a0>, verb_extension=<colcon_core.verb.build.BuildVerb object at 0x7fb1e7778be0>, main=<bound method BuildVerb.main of <colcon_core.verb.build.BuildVerb object at 0x7fb1e7778be0>>)
[0.379s] Level 1:colcon.colcon_core.package_discovery:discover_packages(colcon_meta) check parameters
[0.380s] Level 1:colcon.colcon_core.package_discovery:discover_packages(recursive) check parameters
[0.380s] Level 1:colcon.colcon_core.package_discovery:discover_packages(ignore) check parameters
[0.380s] Level 1:colcon.colcon_core.package_discovery:discover_packages(path) check parameters
[0.380s] Level 1:colcon.colcon_core.package_discovery:discover_packages(colcon_meta) discover
[0.380s] Level 1:colcon.colcon_core.package_discovery:discover_packages(recursive) discover
[0.380s] INFO:colcon.colcon_core.package_discovery:Crawling recursively for packages in '/home/young/SLAM/ORB_SLAM3/ROS2'
[0.380s] Level 1:colcon.colcon_core.package_identification:_identify(.) by extensions ['ignore', 'ignore_ament_install']
[0.380s] Level 1:colcon.colcon_core.package_identification:_identify(.) by extension 'ignore'
[0.380s] Level 1:colcon.colcon_core.package_identification:_identify(.) by extension 'ignore_ament_install'
[0.380s] Level 1:colcon.colcon_core.package_identification:_identify(.) by extensions ['colcon_pkg']
[0.380s] Level 1:colcon.colcon_core.package_identification:_identify(.) by extension 'colcon_pkg'
[0.380s] Level 1:colcon.colcon_core.package_identification:_identify(.) by extensions ['colcon_meta']
[0.380s] Level 1:colcon.colcon_core.package_identification:_identify(.) by extension 'colcon_meta'
[0.380s] Level 1:colcon.colcon_core.package_identification:_identify(.) by extensions ['ros']
[0.380s] Level 1:colcon.colcon_core.package_identification:_identify(.) by extension 'ros'
[0.403s] Level 1:colcon.colcon_core.package_identification:_identify(.) by extensions ['cmake', 'python']
[0.403s] Level 1:colcon.colcon_core.package_identification:_identify(.) by extension 'cmake'
[0.403s] Level 1:colcon.colcon_core.package_identification:_identify(.) by extension 'python'
[0.403s] Level 1:colcon.colcon_core.package_identification:_identify(.) by extensions ['python_setup_py']
[0.403s] Level 1:colcon.colcon_core.package_identification:_identify(.) by extension 'python_setup_py'
[0.403s] Level 1:colcon.colcon_core.package_identification:_identify(build) by extensions ['ignore', 'ignore_ament_install']
[0.403s] Level 1:colcon.colcon_core.package_identification:_identify(build) by extension 'ignore'
[0.403s] Level 1:colcon.colcon_core.package_identification:_identify(build) ignored
[0.403s] Level 1:colcon.colcon_core.package_identification:_identify(install) by extensions ['ignore', 'ignore_ament_install']
[0.403s] Level 1:colcon.colcon_core.package_identification:_identify(install) by extension 'ignore'
[0.403s] Level 1:colcon.colcon_core.package_identification:_identify(install) ignored
[0.404s] Level 1:colcon.colcon_core.package_identification:_identify(log) by extensions ['ignore', 'ignore_ament_install']
[0.404s] Level 1:colcon.colcon_core.package_identification:_identify(log) by extension 'ignore'
[0.404s] Level 1:colcon.colcon_core.package_identification:_identify(log) ignored
[0.404s] Level 1:colcon.colcon_core.package_identification:_identify(src) by extensions ['ignore', 'ignore_ament_install']
[0.404s] Level 1:colcon.colcon_core.package_identification:_identify(src) by extension 'ignore'
[0.404s] Level 1:colcon.colcon_core.package_identification:_identify(src) by extension 'ignore_ament_install'
[0.404s] Level 1:colcon.colcon_core.package_identification:_identify(src) by extensions ['colcon_pkg']
[0.404s] Level 1:colcon.colcon_core.package_identification:_identify(src) by extension 'colcon_pkg'
[0.404s] Level 1:colcon.colcon_core.package_identification:_identify(src) by extensions ['colcon_meta']
[0.404s] Level 1:colcon.colcon_core.package_identification:_identify(src) by extension 'colcon_meta'
[0.404s] Level 1:colcon.colcon_core.package_identification:_identify(src) by extensions ['ros']
[0.404s] Level 1:colcon.colcon_core.package_identification:_identify(src) by extension 'ros'
[0.404s] Level 1:colcon.colcon_core.package_identification:_identify(src) by extensions ['cmake', 'python']
[0.404s] Level 1:colcon.colcon_core.package_identification:_identify(src) by extension 'cmake'
[0.404s] Level 1:colcon.colcon_core.package_identification:_identify(src) by extension 'python'
[0.405s] Level 1:colcon.colcon_core.package_identification:_identify(src) by extensions ['python_setup_py']
[0.405s] Level 1:colcon.colcon_core.package_identification:_identify(src) by extension 'python_setup_py'
[0.405s] Level 1:colcon.colcon_core.package_identification:_identify(src/ros2-ORB_SLAM3) by extensions ['ignore', 'ignore_ament_install']
[0.405s] Level 1:colcon.colcon_core.package_identification:_identify(src/ros2-ORB_SLAM3) by extension 'ignore'
[0.405s] Level 1:colcon.colcon_core.package_identification:_identify(src/ros2-ORB_SLAM3) by extension 'ignore_ament_install'
[0.405s] Level 1:colcon.colcon_core.package_identification:_identify(src/ros2-ORB_SLAM3) by extensions ['colcon_pkg']
[0.405s] Level 1:colcon.colcon_core.package_identification:_identify(src/ros2-ORB_SLAM3) by extension 'colcon_pkg'
[0.405s] Level 1:colcon.colcon_core.package_identification:_identify(src/ros2-ORB_SLAM3) by extensions ['colcon_meta']
[0.405s] Level 1:colcon.colcon_core.package_identification:_identify(src/ros2-ORB_SLAM3) by extension 'colcon_meta'
[0.405s] Level 1:colcon.colcon_core.package_identification:_identify(src/ros2-ORB_SLAM3) by extensions ['ros']
[0.405s] Level 1:colcon.colcon_core.package_identification:_identify(src/ros2-ORB_SLAM3) by extension 'ros'
[0.408s] DEBUG:colcon.colcon_core.package_identification:Package 'src/ros2-ORB_SLAM3' with type 'ros.ament_cmake' and name 'ros2_orbslam'
[0.408s] Level 1:colcon.colcon_core.package_identification:_identify(src/vision_opencv) by extensions ['ignore', 'ignore_ament_install']
[0.408s] Level 1:colcon.colcon_core.package_identification:_identify(src/vision_opencv) by extension 'ignore'
[0.408s] Level 1:colcon.colcon_core.package_identification:_identify(src/vision_opencv) by extension 'ignore_ament_install'
[0.409s] Level 1:colcon.colcon_core.package_identification:_identify(src/vision_opencv) by extensions ['colcon_pkg']
[0.409s] Level 1:colcon.colcon_core.package_identification:_identify(src/vision_opencv) by extension 'colcon_pkg'
[0.409s] Level 1:colcon.colcon_core.package_identification:_identify(src/vision_opencv) by extensions ['colcon_meta']
[0.409s] Level 1:colcon.colcon_core.package_identification:_identify(src/vision_opencv) by extension 'colcon_meta'
[0.409s] Level 1:colcon.colcon_core.package_identification:_identify(src/vision_opencv) by extensions ['ros']
[0.409s] Level 1:colcon.colcon_core.package_identification:_identify(src/vision_opencv) by extension 'ros'
[0.409s] Level 1:colcon.colcon_core.package_identification:_identify(src/vision_opencv) by extensions ['cmake', 'python']
[0.409s] Level 1:colcon.colcon_core.package_identification:_identify(src/vision_opencv) by extension 'cmake'
[0.409s] Level 1:colcon.colcon_core.package_identification:_identify(src/vision_opencv) by extension 'python'
[0.409s] Level 1:colcon.colcon_core.package_identification:_identify(src/vision_opencv) by extensions ['python_setup_py']
[0.409s] Level 1:colcon.colcon_core.package_identification:_identify(src/vision_opencv) by extension 'python_setup_py'
[0.409s] Level 1:colcon.colcon_core.package_identification:_identify(src/vision_opencv/cv_bridge) by extensions ['ignore', 'ignore_ament_install']
[0.409s] Level 1:colcon.colcon_core.package_identification:_identify(src/vision_opencv/cv_bridge) by extension 'ignore'
[0.409s] Level 1:colcon.colcon_core.package_identification:_identify(src/vision_opencv/cv_bridge) by extension 'ignore_ament_install'
[0.409s] Level 1:colcon.colcon_core.package_identification:_identify(src/vision_opencv/cv_bridge) by extensions ['colcon_pkg']
[0.409s] Level 1:colcon.colcon_core.package_identification:_identify(src/vision_opencv/cv_bridge) by extension 'colcon_pkg'
[0.409s] Level 1:colcon.colcon_core.package_identification:_identify(src/vision_opencv/cv_bridge) by extensions ['colcon_meta']
[0.409s] Level 1:colcon.colcon_core.package_identification:_identify(src/vision_opencv/cv_bridge) by extension 'colcon_meta'
[0.410s] Level 1:colcon.colcon_core.package_identification:_identify(src/vision_opencv/cv_bridge) by extensions ['ros']
[0.410s] Level 1:colcon.colcon_core.package_identification:_identify(src/vision_opencv/cv_bridge) by extension 'ros'
[0.411s] DEBUG:colcon.colcon_core.package_identification:Package 'src/vision_opencv/cv_bridge' with type 'ros.ament_cmake' and name 'cv_bridge'
[0.411s] Level 1:colcon.colcon_core.package_identification:_identify(src/vision_opencv/image_geometry) by extensions ['ignore', 'ignore_ament_install']
[0.411s] Level 1:colcon.colcon_core.package_identification:_identify(src/vision_opencv/image_geometry) by extension 'ignore'
[0.411s] Level 1:colcon.colcon_core.package_identification:_identify(src/vision_opencv/image_geometry) by extension 'ignore_ament_install'
[0.411s] Level 1:colcon.colcon_core.package_identification:_identify(src/vision_opencv/image_geometry) by extensions ['colcon_pkg']
[0.411s] Level 1:colcon.colcon_core.package_identification:_identify(src/vision_opencv/image_geometry) by extension 'colcon_pkg'
[0.411s] Level 1:colcon.colcon_core.package_identification:_identify(src/vision_opencv/image_geometry) by extensions ['colcon_meta']
[0.411s] Level 1:colcon.colcon_core.package_identification:_identify(src/vision_opencv/image_geometry) by extension 'colcon_meta'
[0.411s] Level 1:colcon.colcon_core.package_identification:_identify(src/vision_opencv/image_geometry) by extensions ['ros']
[0.411s] Level 1:colcon.colcon_core.package_identification:_identify(src/vision_opencv/image_geometry) by extension 'ros'
[0.412s] DEBUG:colcon.colcon_core.package_identification:Package 'src/vision_opencv/image_geometry' with type 'ros.ament_cmake' and name 'image_geometry'
[0.412s] Level 1:colcon.colcon_core.package_identification:_identify(src/vision_opencv/opencv_tests) by extensions ['ignore', 'ignore_ament_install']
[0.412s] Level 1:colcon.colcon_core.package_identification:_identify(src/vision_opencv/opencv_tests) by extension 'ignore'
[0.413s] Level 1:colcon.colcon_core.package_identification:_identify(src/vision_opencv/opencv_tests) by extension 'ignore_ament_install'
[0.413s] Level 1:colcon.colcon_core.package_identification:_identify(src/vision_opencv/opencv_tests) by extensions ['colcon_pkg']
[0.413s] Level 1:colcon.colcon_core.package_identification:_identify(src/vision_opencv/opencv_tests) by extension 'colcon_pkg'
[0.413s] Level 1:colcon.colcon_core.package_identification:_identify(src/vision_opencv/opencv_tests) by extensions ['colcon_meta']
[0.413s] Level 1:colcon.colcon_core.package_identification:_identify(src/vision_opencv/opencv_tests) by extension 'colcon_meta'
[0.413s] Level 1:colcon.colcon_core.package_identification:_identify(src/vision_opencv/opencv_tests) by extensions ['ros']
[0.413s] Level 1:colcon.colcon_core.package_identification:_identify(src/vision_opencv/opencv_tests) by extension 'ros'
[0.413s] DEBUG:colcon.colcon_core.package_identification:Package 'src/vision_opencv/opencv_tests' with type 'ros.ament_python' and name 'opencv_tests'
[0.413s] Level 1:colcon.colcon_core.package_identification:_identify(src/vision_opencv/vision_opencv) by extensions ['ignore', 'ignore_ament_install']
[0.414s] Level 1:colcon.colcon_core.package_identification:_identify(src/vision_opencv/vision_opencv) by extension 'ignore'
[0.414s] Level 1:colcon.colcon_core.package_identification:_identify(src/vision_opencv/vision_opencv) by extension 'ignore_ament_install'
[0.414s] Level 1:colcon.colcon_core.package_identification:_identify(src/vision_opencv/vision_opencv) by extensions ['colcon_pkg']
[0.414s] Level 1:colcon.colcon_core.package_identification:_identify(src/vision_opencv/vision_opencv) by extension 'colcon_pkg'
[0.414s] Level 1:colcon.colcon_core.package_identification:_identify(src/vision_opencv/vision_opencv) by extensions ['colcon_meta']
[0.414s] Level 1:colcon.colcon_core.package_identification:_identify(src/vision_opencv/vision_opencv) by extension 'colcon_meta'
[0.414s] Level 1:colcon.colcon_core.package_identification:_identify(src/vision_opencv/vision_opencv) by extensions ['ros']
[0.414s] Level 1:colcon.colcon_core.package_identification:_identify(src/vision_opencv/vision_opencv) by extension 'ros'
[0.414s] DEBUG:colcon.colcon_core.package_identification:Package 'src/vision_opencv/vision_opencv' with type 'ros.ament_cmake' and name 'vision_opencv'
[0.414s] Level 1:colcon.colcon_core.package_discovery:discover_packages(recursive) using defaults
[0.415s] Level 1:colcon.colcon_core.package_discovery:discover_packages(ignore) discover
[0.415s] Level 1:colcon.colcon_core.package_discovery:discover_packages(ignore) using defaults
[0.415s] Level 1:colcon.colcon_core.package_discovery:discover_packages(path) discover
[0.415s] Level 1:colcon.colcon_core.package_discovery:discover_packages(path) using defaults
[0.442s] Level 1:colcon.colcon_core.package_discovery:discover_packages(prefix_path) check parameters
[0.442s] Level 1:colcon.colcon_core.package_discovery:discover_packages(prefix_path) discover
[0.445s] DEBUG:colcon.colcon_installed_package_information.package_discovery:Found 282 installed packages in /opt/ros/humble
[0.448s] Level 1:colcon.colcon_core.package_discovery:discover_packages(prefix_path) using defaults
[0.519s] WARNING:colcon.colcon_core.package_selection:Some selected packages are already built in one or more underlay workspaces:
	'cv_bridge' is in: /opt/ros/humble
	'image_geometry' is in: /opt/ros/humble
If a package in a merged underlay workspace is overridden and it installs headers, then all packages in the overlay must sort their include directories by workspace order. Failure to do so may result in build failures or undefined behavior at run time.
If the overridden package is used by another package in any underlay, then the overriding package in the overlay must be API and ABI compatible or undefined behavior at run time may occur.

If you understand the risks and want to override a package anyways, add the following to the command line:
	--allow-overriding cv_bridge image_geometry

This may be promoted to an error in a future release of colcon-override-check.
[0.521s] Level 5:colcon.colcon_core.verb:set package 'cv_bridge' build argument 'cmake_args' from command line to 'None'
[0.521s] Level 5:colcon.colcon_core.verb:set package 'cv_bridge' build argument 'cmake_target' from command line to 'None'
[0.521s] Level 5:colcon.colcon_core.verb:set package 'cv_bridge' build argument 'cmake_target_skip_unavailable' from command line to 'False'
[0.521s] Level 5:colcon.colcon_core.verb:set package 'cv_bridge' build argument 'cmake_clean_cache' from command line to 'False'
[0.521s] Level 5:colcon.colcon_core.verb:set package 'cv_bridge' build argument 'cmake_clean_first' from command line to 'False'
[0.521s] Level 5:colcon.colcon_core.verb:set package 'cv_bridge' build argument 'cmake_force_configure' from command line to 'False'
[0.521s] Level 5:colcon.colcon_core.verb:set package 'cv_bridge' build argument 'ament_cmake_args' from command line to 'None'
[0.521s] Level 5:colcon.colcon_core.verb:set package 'cv_bridge' build argument 'catkin_cmake_args' from command line to 'None'
[0.521s] Level 5:colcon.colcon_core.verb:set package 'cv_bridge' build argument 'catkin_skip_building_tests' from command line to 'False'
[0.521s] DEBUG:colcon.colcon_core.verb:Building package 'cv_bridge' with the following arguments: {'ament_cmake_args': None, 'build_base': '/home/young/SLAM/ORB_SLAM3/ROS2/build/cv_bridge', 'catkin_cmake_args': None, 'catkin_skip_building_tests': False, 'cmake_args': None, 'cmake_clean_cache': False, 'cmake_clean_first': False, 'cmake_force_configure': False, 'cmake_target': None, 'cmake_target_skip_unavailable': False, 'install_base': '/home/young/SLAM/ORB_SLAM3/ROS2/install/cv_bridge', 'merge_install': False, 'path': '/home/young/SLAM/ORB_SLAM3/ROS2/src/vision_opencv/cv_bridge', 'symlink_install': True, 'test_result_base': None}
[0.523s] Level 5:colcon.colcon_core.verb:set package 'image_geometry' build argument 'cmake_args' from command line to 'None'
[0.523s] Level 5:colcon.colcon_core.verb:set package 'image_geometry' build argument 'cmake_target' from command line to 'None'
[0.523s] Level 5:colcon.colcon_core.verb:set package 'image_geometry' build argument 'cmake_target_skip_unavailable' from command line to 'False'
[0.523s] Level 5:colcon.colcon_core.verb:set package 'image_geometry' build argument 'cmake_clean_cache' from command line to 'False'
[0.523s] Level 5:colcon.colcon_core.verb:set package 'image_geometry' build argument 'cmake_clean_first' from command line to 'False'
[0.523s] Level 5:colcon.colcon_core.verb:set package 'image_geometry' build argument 'cmake_force_configure' from command line to 'False'
[0.523s] Level 5:colcon.colcon_core.verb:set package 'image_geometry' build argument 'ament_cmake_args' from command line to 'None'
[0.523s] Level 5:colcon.colcon_core.verb:set package 'image_geometry' build argument 'catkin_cmake_args' from command line to 'None'
[0.523s] Level 5:colcon.colcon_core.verb:set package 'image_geometry' build argument 'catkin_skip_building_tests' from command line to 'False'
[0.523s] DEBUG:colcon.colcon_core.verb:Building package 'image_geometry' with the following arguments: {'ament_cmake_args': None, 'build_base': '/home/young/SLAM/ORB_SLAM3/ROS2/build/image_geometry', 'catkin_cmake_args': None, 'catkin_skip_building_tests': False, 'cmake_args': None, 'cmake_clean_cache': False, 'cmake_clean_first': False, 'cmake_force_configure': False, 'cmake_target': None, 'cmake_target_skip_unavailable': False, 'install_base': '/home/young/SLAM/ORB_SLAM3/ROS2/install/image_geometry', 'merge_install': False, 'path': '/home/young/SLAM/ORB_SLAM3/ROS2/src/vision_opencv/image_geometry', 'symlink_install': True, 'test_result_base': None}
[0.524s] Level 5:colcon.colcon_core.verb:set package 'opencv_tests' build argument 'cmake_args' from command line to 'None'
[0.524s] Level 5:colcon.colcon_core.verb:set package 'opencv_tests' build argument 'cmake_target' from command line to 'None'
[0.524s] Level 5:colcon.colcon_core.verb:set package 'opencv_tests' build argument 'cmake_target_skip_unavailable' from command line to 'False'
[0.524s] Level 5:colcon.colcon_core.verb:set package 'opencv_tests' build argument 'cmake_clean_cache' from command line to 'False'
[0.524s] Level 5:colcon.colcon_core.verb:set package 'opencv_tests' build argument 'cmake_clean_first' from command line to 'False'
[0.524s] Level 5:colcon.colcon_core.verb:set package 'opencv_tests' build argument 'cmake_force_configure' from command line to 'False'
[0.524s] Level 5:colcon.colcon_core.verb:set package 'opencv_tests' build argument 'ament_cmake_args' from command line to 'None'
[0.524s] Level 5:colcon.colcon_core.verb:set package 'opencv_tests' build argument 'catkin_cmake_args' from command line to 'None'
[0.524s] Level 5:colcon.colcon_core.verb:set package 'opencv_tests' build argument 'catkin_skip_building_tests' from command line to 'False'
[0.525s] DEBUG:colcon.colcon_core.verb:Building package 'opencv_tests' with the following arguments: {'ament_cmake_args': None, 'build_base': '/home/young/SLAM/ORB_SLAM3/ROS2/build/opencv_tests', 'catkin_cmake_args': None, 'catkin_skip_building_tests': False, 'cmake_args': None, 'cmake_clean_cache': False, 'cmake_clean_first': False, 'cmake_force_configure': False, 'cmake_target': None, 'cmake_target_skip_unavailable': False, 'install_base': '/home/young/SLAM/ORB_SLAM3/ROS2/install/opencv_tests', 'merge_install': False, 'path': '/home/young/SLAM/ORB_SLAM3/ROS2/src/vision_opencv/opencv_tests', 'symlink_install': True, 'test_result_base': None}
[0.526s] Level 5:colcon.colcon_core.verb:set package 'ros2_orbslam' build argument 'cmake_args' from command line to 'None'
[0.526s] Level 5:colcon.colcon_core.verb:set package 'ros2_orbslam' build argument 'cmake_target' from command line to 'None'
[0.526s] Level 5:colcon.colcon_core.verb:set package 'ros2_orbslam' build argument 'cmake_target_skip_unavailable' from command line to 'False'
[0.526s] Level 5:colcon.colcon_core.verb:set package 'ros2_orbslam' build argument 'cmake_clean_cache' from command line to 'False'
[0.526s] Level 5:colcon.colcon_core.verb:set package 'ros2_orbslam' build argument 'cmake_clean_first' from command line to 'False'
[0.526s] Level 5:colcon.colcon_core.verb:set package 'ros2_orbslam' build argument 'cmake_force_configure' from command line to 'False'
[0.526s] Level 5:colcon.colcon_core.verb:set package 'ros2_orbslam' build argument 'ament_cmake_args' from command line to 'None'
[0.526s] Level 5:colcon.colcon_core.verb:set package 'ros2_orbslam' build argument 'catkin_cmake_args' from command line to 'None'
[0.526s] Level 5:colcon.colcon_core.verb:set package 'ros2_orbslam' build argument 'catkin_skip_building_tests' from command line to 'False'
[0.526s] DEBUG:colcon.colcon_core.verb:Building package 'ros2_orbslam' with the following arguments: {'ament_cmake_args': None, 'build_base': '/home/young/SLAM/ORB_SLAM3/ROS2/build/ros2_orbslam', 'catkin_cmake_args': None, 'catkin_skip_building_tests': False, 'cmake_args': None, 'cmake_clean_cache': False, 'cmake_clean_first': False, 'cmake_force_configure': False, 'cmake_target': None, 'cmake_target_skip_unavailable': False, 'install_base': '/home/young/SLAM/ORB_SLAM3/ROS2/install/ros2_orbslam', 'merge_install': False, 'path': '/home/young/SLAM/ORB_SLAM3/ROS2/src/ros2-ORB_SLAM3', 'symlink_install': True, 'test_result_base': None}
[0.527s] Level 5:colcon.colcon_core.verb:set package 'vision_opencv' build argument 'cmake_args' from command line to 'None'
[0.527s] Level 5:colcon.colcon_core.verb:set package 'vision_opencv' build argument 'cmake_target' from command line to 'None'
[0.527s] Level 5:colcon.colcon_core.verb:set package 'vision_opencv' build argument 'cmake_target_skip_unavailable' from command line to 'False'
[0.527s] Level 5:colcon.colcon_core.verb:set package 'vision_opencv' build argument 'cmake_clean_cache' from command line to 'False'
[0.527s] Level 5:colcon.colcon_core.verb:set package 'vision_opencv' build argument 'cmake_clean_first' from command line to 'False'
[0.527s] Level 5:colcon.colcon_core.verb:set package 'vision_opencv' build argument 'cmake_force_configure' from command line to 'False'
[0.527s] Level 5:colcon.colcon_core.verb:set package 'vision_opencv' build argument 'ament_cmake_args' from command line to 'None'
[0.527s] Level 5:colcon.colcon_core.verb:set package 'vision_opencv' build argument 'catkin_cmake_args' from command line to 'None'
[0.527s] Level 5:colcon.colcon_core.verb:set package 'vision_opencv' build argument 'catkin_skip_building_tests' from command line to 'False'
[0.527s] DEBUG:colcon.colcon_core.verb:Building package 'vision_opencv' with the following arguments: {'ament_cmake_args': None, 'build_base': '/home/young/SLAM/ORB_SLAM3/ROS2/build/vision_opencv', 'catkin_cmake_args': None, 'catkin_skip_building_tests': False, 'cmake_args': None, 'cmake_clean_cache': False, 'cmake_clean_first': False, 'cmake_force_configure': False, 'cmake_target': None, 'cmake_target_skip_unavailable': False, 'install_base': '/home/young/SLAM/ORB_SLAM3/ROS2/install/vision_opencv', 'merge_install': False, 'path': '/home/young/SLAM/ORB_SLAM3/ROS2/src/vision_opencv/vision_opencv', 'symlink_install': True, 'test_result_base': None}
[0.528s] INFO:colcon.colcon_core.executor:Executing jobs using 'parallel' executor
[0.534s] DEBUG:colcon.colcon_parallel_executor.executor.parallel:run_until_complete
[0.535s] INFO:colcon.colcon_ros.task.ament_cmake.build:Building ROS package in '/home/young/SLAM/ORB_SLAM3/ROS2/src/vision_opencv/cv_bridge' with build type 'ament_cmake'
[0.535s] INFO:colcon.colcon_cmake.task.cmake.build:Building CMake package in '/home/young/SLAM/ORB_SLAM3/ROS2/src/vision_opencv/cv_bridge'
[0.542s] INFO:colcon.colcon_core.plugin_system:Skipping extension 'colcon_core.shell.bat': Not used on non-Windows systems
[0.543s] INFO:colcon.colcon_core.shell:Skip shell extension 'powershell' for command environment: Not usable outside of PowerShell
[0.543s] DEBUG:colcon.colcon_core.shell:Skip shell extension 'dsv' for command environment
[0.549s] INFO:colcon.colcon_ros.task.ament_cmake.build:Building ROS package in '/home/young/SLAM/ORB_SLAM3/ROS2/src/vision_opencv/image_geometry' with build type 'ament_cmake'
[0.549s] INFO:colcon.colcon_cmake.task.cmake.build:Building CMake package in '/home/young/SLAM/ORB_SLAM3/ROS2/src/vision_opencv/image_geometry'
[0.552s] INFO:colcon.colcon_core.shell:Skip shell extension 'powershell' for command environment: Not usable outside of PowerShell
[0.552s] DEBUG:colcon.colcon_core.shell:Skip shell extension 'dsv' for command environment
[0.575s] DEBUG:colcon.colcon_core.event_handler.log_command:Invoking command in '/home/young/SLAM/ORB_SLAM3/ROS2/build/cv_bridge': CMAKE_PREFIX_PATH=/opt/ros/humble CONDA_PROMPT_MODIFIER=(SLAM) /usr/bin/cmake --build /home/young/SLAM/ORB_SLAM3/ROS2/build/cv_bridge -- -j16 -l16
[0.588s] DEBUG:colcon.colcon_core.event_handler.log_command:Invoking command in '/home/young/SLAM/ORB_SLAM3/ROS2/build/image_geometry': CMAKE_PREFIX_PATH=/opt/ros/humble CONDA_PROMPT_MODIFIER=(SLAM) /usr/bin/cmake --build /home/young/SLAM/ORB_SLAM3/ROS2/build/image_geometry -- -j16 -l16
[1.203s] DEBUG:colcon.colcon_core.event_handler.log_command:Invoked command in '/home/young/SLAM/ORB_SLAM3/ROS2/build/cv_bridge' returned '0': CMAKE_PREFIX_PATH=/opt/ros/humble CONDA_PROMPT_MODIFIER=(SLAM) /usr/bin/cmake --build /home/young/SLAM/ORB_SLAM3/ROS2/build/cv_bridge -- -j16 -l16
[1.213s] DEBUG:colcon.colcon_core.event_handler.log_command:Invoked command in '/home/young/SLAM/ORB_SLAM3/ROS2/build/image_geometry' returned '0': CMAKE_PREFIX_PATH=/opt/ros/humble CONDA_PROMPT_MODIFIER=(SLAM) /usr/bin/cmake --build /home/young/SLAM/ORB_SLAM3/ROS2/build/image_geometry -- -j16 -l16
[1.255s] DEBUG:colcon.colcon_core.event_handler.log_command:Invoking command in '/home/young/SLAM/ORB_SLAM3/ROS2/build/cv_bridge': CMAKE_PREFIX_PATH=/opt/ros/humble CONDA_PROMPT_MODIFIER=(SLAM) /usr/bin/cmake --install /home/young/SLAM/ORB_SLAM3/ROS2/build/cv_bridge
[1.261s] DEBUG:colcon.colcon_core.event_handler.log_command:Invoking command in '/home/young/SLAM/ORB_SLAM3/ROS2/build/image_geometry': CMAKE_PREFIX_PATH=/opt/ros/humble CONDA_PROMPT_MODIFIER=(SLAM) /usr/bin/cmake --install /home/young/SLAM/ORB_SLAM3/ROS2/build/image_geometry
[1.342s] Level 1:colcon.colcon_core.environment:create_environment_scripts_only(cv_bridge)
[1.343s] DEBUG:colcon.colcon_core.event_handler.log_command:Invoked command in '/home/young/SLAM/ORB_SLAM3/ROS2/build/cv_bridge' returned '0': CMAKE_PREFIX_PATH=/opt/ros/humble CONDA_PROMPT_MODIFIER=(SLAM) /usr/bin/cmake --install /home/young/SLAM/ORB_SLAM3/ROS2/build/cv_bridge
[1.349s] Level 1:colcon.colcon_core.environment:checking '/home/young/SLAM/ORB_SLAM3/ROS2/install/cv_bridge' for CMake module files
[1.350s] Level 1:colcon.colcon_core.environment:checking '/home/young/SLAM/ORB_SLAM3/ROS2/install/cv_bridge' for CMake config files
[1.350s] Level 1:colcon.colcon_core.shell:create_environment_hook('cv_bridge', 'cmake_prefix_path')
[1.352s] INFO:colcon.colcon_core.shell:Creating environment hook '/home/young/SLAM/ORB_SLAM3/ROS2/install/cv_bridge/share/cv_bridge/hook/cmake_prefix_path.ps1'
[1.354s] INFO:colcon.colcon_core.shell:Creating environment descriptor '/home/young/SLAM/ORB_SLAM3/ROS2/install/cv_bridge/share/cv_bridge/hook/cmake_prefix_path.dsv'
[1.354s] INFO:colcon.colcon_core.shell:Creating environment hook '/home/young/SLAM/ORB_SLAM3/ROS2/install/cv_bridge/share/cv_bridge/hook/cmake_prefix_path.sh'
[1.356s] Level 1:colcon.colcon_core.environment:checking '/home/young/SLAM/ORB_SLAM3/ROS2/install/cv_bridge/lib'
[1.356s] Level 1:colcon.colcon_core.shell:create_environment_hook('cv_bridge', 'ld_library_path_lib')
[1.358s] INFO:colcon.colcon_core.shell:Creating environment hook '/home/young/SLAM/ORB_SLAM3/ROS2/install/cv_bridge/share/cv_bridge/hook/ld_library_path_lib.ps1'
[1.358s] INFO:colcon.colcon_core.shell:Creating environment descriptor '/home/young/SLAM/ORB_SLAM3/ROS2/install/cv_bridge/share/cv_bridge/hook/ld_library_path_lib.dsv'
[1.358s] INFO:colcon.colcon_core.shell:Creating environment hook '/home/young/SLAM/ORB_SLAM3/ROS2/install/cv_bridge/share/cv_bridge/hook/ld_library_path_lib.sh'
[1.359s] Level 1:colcon.colcon_core.environment:checking '/home/young/SLAM/ORB_SLAM3/ROS2/install/cv_bridge/bin'
[1.359s] Level 1:colcon.colcon_core.environment:checking '/home/young/SLAM/ORB_SLAM3/ROS2/install/cv_bridge/lib/pkgconfig/cv_bridge.pc'
[1.359s] Level 1:colcon.colcon_core.environment:checking '/home/young/SLAM/ORB_SLAM3/ROS2/install/cv_bridge/lib/python3.10/site-packages'
[1.359s] Level 1:colcon.colcon_core.environment:checking '/home/young/SLAM/ORB_SLAM3/ROS2/install/cv_bridge/bin'
[1.361s] INFO:colcon.colcon_core.shell:Creating package script '/home/young/SLAM/ORB_SLAM3/ROS2/install/cv_bridge/share/cv_bridge/package.ps1'
[1.362s] INFO:colcon.colcon_core.shell:Creating package descriptor '/home/young/SLAM/ORB_SLAM3/ROS2/install/cv_bridge/share/cv_bridge/package.dsv'
[1.363s] INFO:colcon.colcon_core.shell:Creating package script '/home/young/SLAM/ORB_SLAM3/ROS2/install/cv_bridge/share/cv_bridge/package.sh'
[1.363s] INFO:colcon.colcon_core.shell:Creating package script '/home/young/SLAM/ORB_SLAM3/ROS2/install/cv_bridge/share/cv_bridge/package.bash'
[1.364s] INFO:colcon.colcon_core.shell:Creating package script '/home/young/SLAM/ORB_SLAM3/ROS2/install/cv_bridge/share/cv_bridge/package.zsh'
[1.365s] Level 1:colcon.colcon_core.environment:create_file_with_runtime_dependencies(/home/young/SLAM/ORB_SLAM3/ROS2/install/cv_bridge/share/colcon-core/packages/cv_bridge)
[1.367s] Level 1:colcon.colcon_core.environment:create_environment_scripts_only(image_geometry)
[1.369s] Level 1:colcon.colcon_core.environment:checking '/home/young/SLAM/ORB_SLAM3/ROS2/install/image_geometry' for CMake module files
[1.371s] DEBUG:colcon.colcon_core.event_handler.log_command:Invoked command in '/home/young/SLAM/ORB_SLAM3/ROS2/build/image_geometry' returned '0': CMAKE_PREFIX_PATH=/opt/ros/humble CONDA_PROMPT_MODIFIER=(SLAM) /usr/bin/cmake --install /home/young/SLAM/ORB_SLAM3/ROS2/build/image_geometry
[1.371s] Level 1:colcon.colcon_core.environment:checking '/home/young/SLAM/ORB_SLAM3/ROS2/install/image_geometry' for CMake config files
[1.372s] Level 1:colcon.colcon_core.shell:create_environment_hook('image_geometry', 'cmake_prefix_path')
[1.374s] INFO:colcon.colcon_core.shell:Creating environment hook '/home/young/SLAM/ORB_SLAM3/ROS2/install/image_geometry/share/image_geometry/hook/cmake_prefix_path.ps1'
[1.375s] INFO:colcon.colcon_core.shell:Creating environment descriptor '/home/young/SLAM/ORB_SLAM3/ROS2/install/image_geometry/share/image_geometry/hook/cmake_prefix_path.dsv'
[1.375s] INFO:colcon.colcon_core.shell:Creating environment hook '/home/young/SLAM/ORB_SLAM3/ROS2/install/image_geometry/share/image_geometry/hook/cmake_prefix_path.sh'
[1.377s] Level 1:colcon.colcon_core.environment:checking '/home/young/SLAM/ORB_SLAM3/ROS2/install/image_geometry/lib'
[1.377s] Level 1:colcon.colcon_core.shell:create_environment_hook('image_geometry', 'ld_library_path_lib')
[1.378s] INFO:colcon.colcon_core.shell:Creating environment hook '/home/young/SLAM/ORB_SLAM3/ROS2/install/image_geometry/share/image_geometry/hook/ld_library_path_lib.ps1'
[1.379s] INFO:colcon.colcon_core.shell:Creating environment descriptor '/home/young/SLAM/ORB_SLAM3/ROS2/install/image_geometry/share/image_geometry/hook/ld_library_path_lib.dsv'
[1.379s] INFO:colcon.colcon_core.shell:Creating environment hook '/home/young/SLAM/ORB_SLAM3/ROS2/install/image_geometry/share/image_geometry/hook/ld_library_path_lib.sh'
[1.380s] Level 1:colcon.colcon_core.environment:checking '/home/young/SLAM/ORB_SLAM3/ROS2/install/image_geometry/bin'
[1.380s] Level 1:colcon.colcon_core.environment:checking '/home/young/SLAM/ORB_SLAM3/ROS2/install/image_geometry/lib/pkgconfig/image_geometry.pc'
[1.380s] Level 1:colcon.colcon_core.environment:checking '/home/young/SLAM/ORB_SLAM3/ROS2/install/image_geometry/lib/python3.10/site-packages'
[1.381s] Level 1:colcon.colcon_core.environment:checking '/home/young/SLAM/ORB_SLAM3/ROS2/install/image_geometry/bin'
[1.383s] INFO:colcon.colcon_core.shell:Creating package script '/home/young/SLAM/ORB_SLAM3/ROS2/install/image_geometry/share/image_geometry/package.ps1'
[1.383s] INFO:colcon.colcon_core.shell:Creating package descriptor '/home/young/SLAM/ORB_SLAM3/ROS2/install/image_geometry/share/image_geometry/package.dsv'
[1.384s] INFO:colcon.colcon_core.shell:Creating package script '/home/young/SLAM/ORB_SLAM3/ROS2/install/image_geometry/share/image_geometry/package.sh'
[1.385s] INFO:colcon.colcon_core.shell:Creating package script '/home/young/SLAM/ORB_SLAM3/ROS2/install/image_geometry/share/image_geometry/package.bash'
[1.385s] INFO:colcon.colcon_core.shell:Creating package script '/home/young/SLAM/ORB_SLAM3/ROS2/install/image_geometry/share/image_geometry/package.zsh'
[1.386s] Level 1:colcon.colcon_core.environment:create_file_with_runtime_dependencies(/home/young/SLAM/ORB_SLAM3/ROS2/install/image_geometry/share/colcon-core/packages/image_geometry)
[1.407s] Level 1:colcon.colcon_core.environment:create_environment_scripts_only(cv_bridge)
[1.409s] Level 1:colcon.colcon_core.environment:checking '/home/young/SLAM/ORB_SLAM3/ROS2/install/cv_bridge' for CMake module files
[1.410s] Level 1:colcon.colcon_core.environment:checking '/home/young/SLAM/ORB_SLAM3/ROS2/install/cv_bridge' for CMake config files
[1.411s] Level 1:colcon.colcon_core.shell:create_environment_hook('cv_bridge', 'cmake_prefix_path')
[1.412s] INFO:colcon.colcon_core.shell:Creating environment hook '/home/young/SLAM/ORB_SLAM3/ROS2/install/cv_bridge/share/cv_bridge/hook/cmake_prefix_path.ps1'
[1.413s] INFO:colcon.colcon_core.shell:Creating environment descriptor '/home/young/SLAM/ORB_SLAM3/ROS2/install/cv_bridge/share/cv_bridge/hook/cmake_prefix_path.dsv'
[1.413s] INFO:colcon.colcon_core.shell:Creating environment hook '/home/young/SLAM/ORB_SLAM3/ROS2/install/cv_bridge/share/cv_bridge/hook/cmake_prefix_path.sh'
[1.414s] Level 1:colcon.colcon_core.environment:checking '/home/young/SLAM/ORB_SLAM3/ROS2/install/cv_bridge/lib'
[1.414s] Level 1:colcon.colcon_core.shell:create_environment_hook('cv_bridge', 'ld_library_path_lib')
[1.416s] INFO:colcon.colcon_core.shell:Creating environment hook '/home/young/SLAM/ORB_SLAM3/ROS2/install/cv_bridge/share/cv_bridge/hook/ld_library_path_lib.ps1'
[1.417s] INFO:colcon.colcon_core.shell:Creating environment descriptor '/home/young/SLAM/ORB_SLAM3/ROS2/install/cv_bridge/share/cv_bridge/hook/ld_library_path_lib.dsv'
[1.417s] INFO:colcon.colcon_core.shell:Creating environment hook '/home/young/SLAM/ORB_SLAM3/ROS2/install/cv_bridge/share/cv_bridge/hook/ld_library_path_lib.sh'
[1.418s] Level 1:colcon.colcon_core.environment:checking '/home/young/SLAM/ORB_SLAM3/ROS2/install/cv_bridge/bin'
[1.418s] Level 1:colcon.colcon_core.environment:checking '/home/young/SLAM/ORB_SLAM3/ROS2/install/cv_bridge/lib/pkgconfig/cv_bridge.pc'
[1.418s] Level 1:colcon.colcon_core.environment:checking '/home/young/SLAM/ORB_SLAM3/ROS2/install/cv_bridge/lib/python3.10/site-packages'
[1.418s] Level 1:colcon.colcon_core.environment:checking '/home/young/SLAM/ORB_SLAM3/ROS2/install/cv_bridge/bin'
[1.420s] INFO:colcon.colcon_core.shell:Creating package script '/home/young/SLAM/ORB_SLAM3/ROS2/install/cv_bridge/share/cv_bridge/package.ps1'
[1.421s] INFO:colcon.colcon_core.shell:Creating package descriptor '/home/young/SLAM/ORB_SLAM3/ROS2/install/cv_bridge/share/cv_bridge/package.dsv'
[1.421s] INFO:colcon.colcon_core.shell:Creating package script '/home/young/SLAM/ORB_SLAM3/ROS2/install/cv_bridge/share/cv_bridge/package.sh'
[1.422s] INFO:colcon.colcon_core.shell:Creating package script '/home/young/SLAM/ORB_SLAM3/ROS2/install/cv_bridge/share/cv_bridge/package.bash'
[1.423s] INFO:colcon.colcon_core.shell:Creating package script '/home/young/SLAM/ORB_SLAM3/ROS2/install/cv_bridge/share/cv_bridge/package.zsh'
[1.423s] Level 1:colcon.colcon_core.environment:create_file_with_runtime_dependencies(/home/young/SLAM/ORB_SLAM3/ROS2/install/cv_bridge/share/colcon-core/packages/cv_bridge)
[1.424s] INFO:colcon.colcon_ros.task.ament_python.build:Building ROS package in '/home/young/SLAM/ORB_SLAM3/ROS2/src/vision_opencv/opencv_tests' with build type 'ament_python'
[1.424s] Level 1:colcon.colcon_core.shell:create_environment_hook('opencv_tests', 'ament_prefix_path')
[1.426s] INFO:colcon.colcon_core.shell:Creating environment hook '/home/young/SLAM/ORB_SLAM3/ROS2/install/opencv_tests/share/opencv_tests/hook/ament_prefix_path.ps1'
[1.427s] INFO:colcon.colcon_core.shell:Creating environment descriptor '/home/young/SLAM/ORB_SLAM3/ROS2/install/opencv_tests/share/opencv_tests/hook/ament_prefix_path.dsv'
[1.427s] INFO:colcon.colcon_core.shell:Creating environment hook '/home/young/SLAM/ORB_SLAM3/ROS2/install/opencv_tests/share/opencv_tests/hook/ament_prefix_path.sh'
[1.430s] INFO:colcon.colcon_core.shell:Skip shell extension 'powershell' for command environment: Not usable outside of PowerShell
[1.430s] DEBUG:colcon.colcon_core.shell:Skip shell extension 'dsv' for command environment
[1.434s] INFO:colcon.colcon_ros.task.ament_cmake.build:Building ROS package in '/home/young/SLAM/ORB_SLAM3/ROS2/src/ros2-ORB_SLAM3' with build type 'ament_cmake'
[1.434s] INFO:colcon.colcon_cmake.task.cmake.build:Building CMake package in '/home/young/SLAM/ORB_SLAM3/ROS2/src/ros2-ORB_SLAM3'
[1.436s] INFO:colcon.colcon_core.shell:Skip shell extension 'powershell' for command environment: Not usable outside of PowerShell
[1.436s] DEBUG:colcon.colcon_core.shell:Skip shell extension 'dsv' for command environment
[1.443s] Level 1:colcon.colcon_core.environment:create_environment_scripts_only(image_geometry)
[1.445s] Level 1:colcon.colcon_core.environment:checking '/home/young/SLAM/ORB_SLAM3/ROS2/install/image_geometry' for CMake module files
[1.446s] Level 1:colcon.colcon_core.environment:checking '/home/young/SLAM/ORB_SLAM3/ROS2/install/image_geometry' for CMake config files
[1.446s] Level 1:colcon.colcon_core.shell:create_environment_hook('image_geometry', 'cmake_prefix_path')
[1.448s] INFO:colcon.colcon_core.shell:Creating environment hook '/home/young/SLAM/ORB_SLAM3/ROS2/install/image_geometry/share/image_geometry/hook/cmake_prefix_path.ps1'
[1.449s] INFO:colcon.colcon_core.shell:Creating environment descriptor '/home/young/SLAM/ORB_SLAM3/ROS2/install/image_geometry/share/image_geometry/hook/cmake_prefix_path.dsv'
[1.449s] INFO:colcon.colcon_core.shell:Creating environment hook '/home/young/SLAM/ORB_SLAM3/ROS2/install/image_geometry/share/image_geometry/hook/cmake_prefix_path.sh'
[1.450s] Level 1:colcon.colcon_core.environment:checking '/home/young/SLAM/ORB_SLAM3/ROS2/install/image_geometry/lib'
[1.450s] Level 1:colcon.colcon_core.shell:create_environment_hook('image_geometry', 'ld_library_path_lib')
[1.452s] INFO:colcon.colcon_core.shell:Creating environment hook '/home/young/SLAM/ORB_SLAM3/ROS2/install/image_geometry/share/image_geometry/hook/ld_library_path_lib.ps1'
[1.452s] INFO:colcon.colcon_core.shell:Creating environment descriptor '/home/young/SLAM/ORB_SLAM3/ROS2/install/image_geometry/share/image_geometry/hook/ld_library_path_lib.dsv'
[1.453s] INFO:colcon.colcon_core.shell:Creating environment hook '/home/young/SLAM/ORB_SLAM3/ROS2/install/image_geometry/share/image_geometry/hook/ld_library_path_lib.sh'
[1.453s] Level 1:colcon.colcon_core.environment:checking '/home/young/SLAM/ORB_SLAM3/ROS2/install/image_geometry/bin'
[1.453s] Level 1:colcon.colcon_core.environment:checking '/home/young/SLAM/ORB_SLAM3/ROS2/install/image_geometry/lib/pkgconfig/image_geometry.pc'
[1.454s] Level 1:colcon.colcon_core.environment:checking '/home/young/SLAM/ORB_SLAM3/ROS2/install/image_geometry/lib/python3.10/site-packages'
[1.454s] Level 1:colcon.colcon_core.environment:checking '/home/young/SLAM/ORB_SLAM3/ROS2/install/image_geometry/bin'
[1.456s] INFO:colcon.colcon_core.shell:Creating package script '/home/young/SLAM/ORB_SLAM3/ROS2/install/image_geometry/share/image_geometry/package.ps1'
[1.457s] INFO:colcon.colcon_core.shell:Creating package descriptor '/home/young/SLAM/ORB_SLAM3/ROS2/install/image_geometry/share/image_geometry/package.dsv'
[1.457s] INFO:colcon.colcon_core.shell:Creating package script '/home/young/SLAM/ORB_SLAM3/ROS2/install/image_geometry/share/image_geometry/package.sh'
[1.458s] INFO:colcon.colcon_core.shell:Creating package script '/home/young/SLAM/ORB_SLAM3/ROS2/install/image_geometry/share/image_geometry/package.bash'
[1.458s] INFO:colcon.colcon_core.shell:Creating package script '/home/young/SLAM/ORB_SLAM3/ROS2/install/image_geometry/share/image_geometry/package.zsh'
[1.459s] Level 1:colcon.colcon_core.environment:create_file_with_runtime_dependencies(/home/young/SLAM/ORB_SLAM3/ROS2/install/image_geometry/share/colcon-core/packages/image_geometry)
[1.777s] INFO:colcon.colcon_core.task.python.build:Building Python package in '/home/young/SLAM/ORB_SLAM3/ROS2/src/vision_opencv/opencv_tests'
[1.778s] INFO:colcon.colcon_core.shell:Skip shell extension 'powershell' for command environment: Not usable outside of PowerShell
[1.778s] DEBUG:colcon.colcon_core.shell:Skip shell extension 'dsv' for command environment
[1.782s] INFO:colcon.colcon_ros.task.ament_cmake.build:Building ROS package in '/home/young/SLAM/ORB_SLAM3/ROS2/src/vision_opencv/vision_opencv' with build type 'ament_cmake'
[1.782s] INFO:colcon.colcon_cmake.task.cmake.build:Building CMake package in '/home/young/SLAM/ORB_SLAM3/ROS2/src/vision_opencv/vision_opencv'
[1.784s] INFO:colcon.colcon_core.shell:Skip shell extension 'powershell' for command environment: Not usable outside of PowerShell
[1.784s] DEBUG:colcon.colcon_core.shell:Skip shell extension 'dsv' for command environment
[1.797s] DEBUG:colcon.colcon_core.event_handler.log_command:Invoking command in '/home/young/SLAM/ORB_SLAM3/ROS2/build/ros2_orbslam': AMENT_PREFIX_PATH=/home/young/SLAM/ORB_SLAM3/ROS2/install/cv_bridge:${AMENT_PREFIX_PATH} CMAKE_PREFIX_PATH=/home/young/SLAM/ORB_SLAM3/ROS2/install/cv_bridge:/opt/ros/humble CONDA_PROMPT_MODIFIER=(SLAM) LD_LIBRARY_PATH=/home/young/SLAM/ORB_SLAM3/ROS2/install/cv_bridge/lib:/usr/local/cuda/lib64:/usr/local/cuda/lib64:/opt/ros/humble/opt/rviz_ogre_vendor/lib:/opt/ros/humble/lib/x86_64-linux-gnu:/opt/ros/humble/lib:/usr/local/cuda/lib64:/usr/local/opencv3/lib:/usr/local/opencv4/lib:/usr/local/opencv4/lib PYTHONPATH=/home/young/SLAM/ORB_SLAM3/ROS2/install/cv_bridge/local/lib/python3.10/dist-packages:${PYTHONPATH} /usr/bin/cmake --build /home/young/SLAM/ORB_SLAM3/ROS2/build/ros2_orbslam -- -j16 -l16
[1.807s] DEBUG:colcon.colcon_core.event_handler.log_command:Invoking command in '/home/young/SLAM/ORB_SLAM3/ROS2/build/vision_opencv': AMENT_PREFIX_PATH=/home/young/SLAM/ORB_SLAM3/ROS2/install/image_geometry:/home/young/SLAM/ORB_SLAM3/ROS2/install/cv_bridge:${AMENT_PREFIX_PATH} CMAKE_PREFIX_PATH=/home/young/SLAM/ORB_SLAM3/ROS2/install/image_geometry:/home/young/SLAM/ORB_SLAM3/ROS2/install/cv_bridge:/opt/ros/humble CONDA_PROMPT_MODIFIER=(SLAM) LD_LIBRARY_PATH=/home/young/SLAM/ORB_SLAM3/ROS2/install/image_geometry/lib:/home/young/SLAM/ORB_SLAM3/ROS2/install/cv_bridge/lib:/usr/local/cuda/lib64:/usr/local/cuda/lib64:/opt/ros/humble/opt/rviz_ogre_vendor/lib:/opt/ros/humble/lib/x86_64-linux-gnu:/opt/ros/humble/lib:/usr/local/cuda/lib64:/usr/local/opencv3/lib:/usr/local/opencv4/lib:/usr/local/opencv4/lib PYTHONPATH=/home/young/SLAM/ORB_SLAM3/ROS2/install/image_geometry/local/lib/python3.10/dist-packages:/home/young/SLAM/ORB_SLAM3/ROS2/install/cv_bridge/local/lib/python3.10/dist-packages:${PYTHONPATH} /usr/bin/cmake --build /home/young/SLAM/ORB_SLAM3/ROS2/build/vision_opencv -- -j16 -l16
[1.882s] DEBUG:colcon.colcon_core.event_handler.log_command:Invoked command in '/home/young/SLAM/ORB_SLAM3/ROS2/build/vision_opencv' returned '0': AMENT_PREFIX_PATH=/home/young/SLAM/ORB_SLAM3/ROS2/install/image_geometry:/home/young/SLAM/ORB_SLAM3/ROS2/install/cv_bridge:${AMENT_PREFIX_PATH} CMAKE_PREFIX_PATH=/home/young/SLAM/ORB_SLAM3/ROS2/install/image_geometry:/home/young/SLAM/ORB_SLAM3/ROS2/install/cv_bridge:/opt/ros/humble CONDA_PROMPT_MODIFIER=(SLAM) LD_LIBRARY_PATH=/home/young/SLAM/ORB_SLAM3/ROS2/install/image_geometry/lib:/home/young/SLAM/ORB_SLAM3/ROS2/install/cv_bridge/lib:/usr/local/cuda/lib64:/usr/local/cuda/lib64:/opt/ros/humble/opt/rviz_ogre_vendor/lib:/opt/ros/humble/lib/x86_64-linux-gnu:/opt/ros/humble/lib:/usr/local/cuda/lib64:/usr/local/opencv3/lib:/usr/local/opencv4/lib:/usr/local/opencv4/lib PYTHONPATH=/home/young/SLAM/ORB_SLAM3/ROS2/install/image_geometry/local/lib/python3.10/dist-packages:/home/young/SLAM/ORB_SLAM3/ROS2/install/cv_bridge/local/lib/python3.10/dist-packages:${PYTHONPATH} /usr/bin/cmake --build /home/young/SLAM/ORB_SLAM3/ROS2/build/vision_opencv -- -j16 -l16
[1.928s] DEBUG:colcon.colcon_core.event_handler.log_command:Invoking command in '/home/young/SLAM/ORB_SLAM3/ROS2/build/vision_opencv': AMENT_PREFIX_PATH=/home/young/SLAM/ORB_SLAM3/ROS2/install/image_geometry:/home/young/SLAM/ORB_SLAM3/ROS2/install/cv_bridge:${AMENT_PREFIX_PATH} CMAKE_PREFIX_PATH=/home/young/SLAM/ORB_SLAM3/ROS2/install/image_geometry:/home/young/SLAM/ORB_SLAM3/ROS2/install/cv_bridge:/opt/ros/humble CONDA_PROMPT_MODIFIER=(SLAM) LD_LIBRARY_PATH=/home/young/SLAM/ORB_SLAM3/ROS2/install/image_geometry/lib:/home/young/SLAM/ORB_SLAM3/ROS2/install/cv_bridge/lib:/usr/local/cuda/lib64:/usr/local/cuda/lib64:/opt/ros/humble/opt/rviz_ogre_vendor/lib:/opt/ros/humble/lib/x86_64-linux-gnu:/opt/ros/humble/lib:/usr/local/cuda/lib64:/usr/local/opencv3/lib:/usr/local/opencv4/lib:/usr/local/opencv4/lib PYTHONPATH=/home/young/SLAM/ORB_SLAM3/ROS2/install/image_geometry/local/lib/python3.10/dist-packages:/home/young/SLAM/ORB_SLAM3/ROS2/install/cv_bridge/local/lib/python3.10/dist-packages:${PYTHONPATH} /usr/bin/cmake --install /home/young/SLAM/ORB_SLAM3/ROS2/build/vision_opencv
[1.950s] DEBUG:colcon.colcon_core.event_handler.log_command:Invoked command in '/home/young/SLAM/ORB_SLAM3/ROS2/build/ros2_orbslam' returned '0': AMENT_PREFIX_PATH=/home/young/SLAM/ORB_SLAM3/ROS2/install/cv_bridge:${AMENT_PREFIX_PATH} CMAKE_PREFIX_PATH=/home/young/SLAM/ORB_SLAM3/ROS2/install/cv_bridge:/opt/ros/humble CONDA_PROMPT_MODIFIER=(SLAM) LD_LIBRARY_PATH=/home/young/SLAM/ORB_SLAM3/ROS2/install/cv_bridge/lib:/usr/local/cuda/lib64:/usr/local/cuda/lib64:/opt/ros/humble/opt/rviz_ogre_vendor/lib:/opt/ros/humble/lib/x86_64-linux-gnu:/opt/ros/humble/lib:/usr/local/cuda/lib64:/usr/local/opencv3/lib:/usr/local/opencv4/lib:/usr/local/opencv4/lib PYTHONPATH=/home/young/SLAM/ORB_SLAM3/ROS2/install/cv_bridge/local/lib/python3.10/dist-packages:${PYTHONPATH} /usr/bin/cmake --build /home/young/SLAM/ORB_SLAM3/ROS2/build/ros2_orbslam -- -j16 -l16
[1.961s] Level 1:colcon.colcon_core.environment:create_environment_scripts_only(vision_opencv)
[1.965s] Level 1:colcon.colcon_core.environment:checking '/home/young/SLAM/ORB_SLAM3/ROS2/install/vision_opencv' for CMake module files
[1.966s] DEBUG:colcon.colcon_core.event_handler.log_command:Invoked command in '/home/young/SLAM/ORB_SLAM3/ROS2/build/vision_opencv' returned '0': AMENT_PREFIX_PATH=/home/young/SLAM/ORB_SLAM3/ROS2/install/image_geometry:/home/young/SLAM/ORB_SLAM3/ROS2/install/cv_bridge:${AMENT_PREFIX_PATH} CMAKE_PREFIX_PATH=/home/young/SLAM/ORB_SLAM3/ROS2/install/image_geometry:/home/young/SLAM/ORB_SLAM3/ROS2/install/cv_bridge:/opt/ros/humble CONDA_PROMPT_MODIFIER=(SLAM) LD_LIBRARY_PATH=/home/young/SLAM/ORB_SLAM3/ROS2/install/image_geometry/lib:/home/young/SLAM/ORB_SLAM3/ROS2/install/cv_bridge/lib:/usr/local/cuda/lib64:/usr/local/cuda/lib64:/opt/ros/humble/opt/rviz_ogre_vendor/lib:/opt/ros/humble/lib/x86_64-linux-gnu:/opt/ros/humble/lib:/usr/local/cuda/lib64:/usr/local/opencv3/lib:/usr/local/opencv4/lib:/usr/local/opencv4/lib PYTHONPATH=/home/young/SLAM/ORB_SLAM3/ROS2/install/image_geometry/local/lib/python3.10/dist-packages:/home/young/SLAM/ORB_SLAM3/ROS2/install/cv_bridge/local/lib/python3.10/dist-packages:${PYTHONPATH} /usr/bin/cmake --install /home/young/SLAM/ORB_SLAM3/ROS2/build/vision_opencv
[1.967s] Level 1:colcon.colcon_core.environment:checking '/home/young/SLAM/ORB_SLAM3/ROS2/install/vision_opencv' for CMake config files
[1.968s] Level 1:colcon.colcon_core.shell:create_environment_hook('vision_opencv', 'cmake_prefix_path')
[1.971s] INFO:colcon.colcon_core.shell:Creating environment hook '/home/young/SLAM/ORB_SLAM3/ROS2/install/vision_opencv/share/vision_opencv/hook/cmake_prefix_path.ps1'
[1.972s] INFO:colcon.colcon_core.shell:Creating environment descriptor '/home/young/SLAM/ORB_SLAM3/ROS2/install/vision_opencv/share/vision_opencv/hook/cmake_prefix_path.dsv'
[1.973s] INFO:colcon.colcon_core.shell:Creating environment hook '/home/young/SLAM/ORB_SLAM3/ROS2/install/vision_opencv/share/vision_opencv/hook/cmake_prefix_path.sh'
[1.974s] Level 1:colcon.colcon_core.environment:checking '/home/young/SLAM/ORB_SLAM3/ROS2/install/vision_opencv/bin'
[1.974s] Level 1:colcon.colcon_core.environment:checking '/home/young/SLAM/ORB_SLAM3/ROS2/install/vision_opencv/lib/pkgconfig/vision_opencv.pc'
[1.975s] Level 1:colcon.colcon_core.environment:checking '/home/young/SLAM/ORB_SLAM3/ROS2/install/vision_opencv/lib/python3.10/site-packages'
[1.975s] Level 1:colcon.colcon_core.environment:checking '/home/young/SLAM/ORB_SLAM3/ROS2/install/vision_opencv/bin'
[1.977s] INFO:colcon.colcon_core.shell:Creating package script '/home/young/SLAM/ORB_SLAM3/ROS2/install/vision_opencv/share/vision_opencv/package.ps1'
[1.978s] INFO:colcon.colcon_core.shell:Creating package descriptor '/home/young/SLAM/ORB_SLAM3/ROS2/install/vision_opencv/share/vision_opencv/package.dsv'
[1.979s] INFO:colcon.colcon_core.shell:Creating package script '/home/young/SLAM/ORB_SLAM3/ROS2/install/vision_opencv/share/vision_opencv/package.sh'
[1.980s] INFO:colcon.colcon_core.shell:Creating package script '/home/young/SLAM/ORB_SLAM3/ROS2/install/vision_opencv/share/vision_opencv/package.bash'
[1.980s] INFO:colcon.colcon_core.shell:Creating package script '/home/young/SLAM/ORB_SLAM3/ROS2/install/vision_opencv/share/vision_opencv/package.zsh'
[1.981s] Level 1:colcon.colcon_core.environment:create_file_with_runtime_dependencies(/home/young/SLAM/ORB_SLAM3/ROS2/install/vision_opencv/share/colcon-core/packages/vision_opencv)
[2.015s] DEBUG:colcon.colcon_core.event_handler.log_command:Invoking command in '/home/young/SLAM/ORB_SLAM3/ROS2/build/ros2_orbslam': AMENT_PREFIX_PATH=/home/young/SLAM/ORB_SLAM3/ROS2/install/cv_bridge:${AMENT_PREFIX_PATH} CMAKE_PREFIX_PATH=/home/young/SLAM/ORB_SLAM3/ROS2/install/cv_bridge:/opt/ros/humble CONDA_PROMPT_MODIFIER=(SLAM) LD_LIBRARY_PATH=/home/young/SLAM/ORB_SLAM3/ROS2/install/cv_bridge/lib:/usr/local/cuda/lib64:/usr/local/cuda/lib64:/opt/ros/humble/opt/rviz_ogre_vendor/lib:/opt/ros/humble/lib/x86_64-linux-gnu:/opt/ros/humble/lib:/usr/local/cuda/lib64:/usr/local/opencv3/lib:/usr/local/opencv4/lib:/usr/local/opencv4/lib PYTHONPATH=/home/young/SLAM/ORB_SLAM3/ROS2/install/cv_bridge/local/lib/python3.10/dist-packages:${PYTHONPATH} /usr/bin/cmake --install /home/young/SLAM/ORB_SLAM3/ROS2/build/ros2_orbslam
[2.024s] Level 1:colcon.colcon_core.environment:create_environment_scripts_only(vision_opencv)
[2.027s] Level 1:colcon.colcon_core.environment:checking '/home/young/SLAM/ORB_SLAM3/ROS2/install/vision_opencv' for CMake module files
[2.031s] Level 1:colcon.colcon_core.environment:checking '/home/young/SLAM/ORB_SLAM3/ROS2/install/vision_opencv' for CMake config files
[2.031s] Level 1:colcon.colcon_core.shell:create_environment_hook('vision_opencv', 'cmake_prefix_path')
[2.033s] INFO:colcon.colcon_core.shell:Creating environment hook '/home/young/SLAM/ORB_SLAM3/ROS2/install/vision_opencv/share/vision_opencv/hook/cmake_prefix_path.ps1'
[2.034s] INFO:colcon.colcon_core.shell:Creating environment descriptor '/home/young/SLAM/ORB_SLAM3/ROS2/install/vision_opencv/share/vision_opencv/hook/cmake_prefix_path.dsv'
[2.035s] INFO:colcon.colcon_core.shell:Creating environment hook '/home/young/SLAM/ORB_SLAM3/ROS2/install/vision_opencv/share/vision_opencv/hook/cmake_prefix_path.sh'
[2.036s] Level 1:colcon.colcon_core.environment:checking '/home/young/SLAM/ORB_SLAM3/ROS2/install/vision_opencv/bin'
[2.036s] Level 1:colcon.colcon_core.environment:checking '/home/young/SLAM/ORB_SLAM3/ROS2/install/vision_opencv/lib/pkgconfig/vision_opencv.pc'
[2.036s] Level 1:colcon.colcon_core.environment:checking '/home/young/SLAM/ORB_SLAM3/ROS2/install/vision_opencv/lib/python3.10/site-packages'
[2.036s] Level 1:colcon.colcon_core.environment:checking '/home/young/SLAM/ORB_SLAM3/ROS2/install/vision_opencv/bin'
[2.039s] INFO:colcon.colcon_core.shell:Creating package script '/home/young/SLAM/ORB_SLAM3/ROS2/install/vision_opencv/share/vision_opencv/package.ps1'
[2.040s] INFO:colcon.colcon_core.shell:Creating package descriptor '/home/young/SLAM/ORB_SLAM3/ROS2/install/vision_opencv/share/vision_opencv/package.dsv'
[2.041s] INFO:colcon.colcon_core.shell:Creating package script '/home/young/SLAM/ORB_SLAM3/ROS2/install/vision_opencv/share/vision_opencv/package.sh'
[2.041s] INFO:colcon.colcon_core.shell:Creating package script '/home/young/SLAM/ORB_SLAM3/ROS2/install/vision_opencv/share/vision_opencv/package.bash'
[2.042s] INFO:colcon.colcon_core.shell:Creating package script '/home/young/SLAM/ORB_SLAM3/ROS2/install/vision_opencv/share/vision_opencv/package.zsh'
[2.042s] Level 1:colcon.colcon_core.environment:create_file_with_runtime_dependencies(/home/young/SLAM/ORB_SLAM3/ROS2/install/vision_opencv/share/colcon-core/packages/vision_opencv)
[2.047s] Level 1:colcon.colcon_core.environment:create_environment_scripts_only(ros2_orbslam)
[2.050s] Level 1:colcon.colcon_core.environment:checking '/home/young/SLAM/ORB_SLAM3/ROS2/install/ros2_orbslam' for CMake module files
[2.051s] DEBUG:colcon.colcon_core.event_handler.log_command:Invoked command in '/home/young/SLAM/ORB_SLAM3/ROS2/build/ros2_orbslam' returned '0': AMENT_PREFIX_PATH=/home/young/SLAM/ORB_SLAM3/ROS2/install/cv_bridge:${AMENT_PREFIX_PATH} CMAKE_PREFIX_PATH=/home/young/SLAM/ORB_SLAM3/ROS2/install/cv_bridge:/opt/ros/humble CONDA_PROMPT_MODIFIER=(SLAM) LD_LIBRARY_PATH=/home/young/SLAM/ORB_SLAM3/ROS2/install/cv_bridge/lib:/usr/local/cuda/lib64:/usr/local/cuda/lib64:/opt/ros/humble/opt/rviz_ogre_vendor/lib:/opt/ros/humble/lib/x86_64-linux-gnu:/opt/ros/humble/lib:/usr/local/cuda/lib64:/usr/local/opencv3/lib:/usr/local/opencv4/lib:/usr/local/opencv4/lib PYTHONPATH=/home/young/SLAM/ORB_SLAM3/ROS2/install/cv_bridge/local/lib/python3.10/dist-packages:${PYTHONPATH} /usr/bin/cmake --install /home/young/SLAM/ORB_SLAM3/ROS2/build/ros2_orbslam
[2.052s] Level 1:colcon.colcon_core.environment:checking '/home/young/SLAM/ORB_SLAM3/ROS2/install/ros2_orbslam' for CMake config files
[2.052s] Level 1:colcon.colcon_core.shell:create_environment_hook('ros2_orbslam', 'cmake_prefix_path')
[2.054s] INFO:colcon.colcon_core.shell:Creating environment hook '/home/young/SLAM/ORB_SLAM3/ROS2/install/ros2_orbslam/share/ros2_orbslam/hook/cmake_prefix_path.ps1'
[2.054s] INFO:colcon.colcon_core.shell:Creating environment descriptor '/home/young/SLAM/ORB_SLAM3/ROS2/install/ros2_orbslam/share/ros2_orbslam/hook/cmake_prefix_path.dsv'
[2.055s] INFO:colcon.colcon_core.shell:Creating environment hook '/home/young/SLAM/ORB_SLAM3/ROS2/install/ros2_orbslam/share/ros2_orbslam/hook/cmake_prefix_path.sh'
[2.056s] Level 1:colcon.colcon_core.environment:checking '/home/young/SLAM/ORB_SLAM3/ROS2/install/ros2_orbslam/lib'
[2.056s] Level 1:colcon.colcon_core.environment:checking '/home/young/SLAM/ORB_SLAM3/ROS2/install/ros2_orbslam/bin'
[2.056s] Level 1:colcon.colcon_core.environment:checking '/home/young/SLAM/ORB_SLAM3/ROS2/install/ros2_orbslam/lib/pkgconfig/ros2_orbslam.pc'
[2.056s] Level 1:colcon.colcon_core.environment:checking '/home/young/SLAM/ORB_SLAM3/ROS2/install/ros2_orbslam/lib/python3.10/site-packages'
[2.057s] Level 1:colcon.colcon_core.environment:checking '/home/young/SLAM/ORB_SLAM3/ROS2/install/ros2_orbslam/bin'
[2.060s] INFO:colcon.colcon_core.shell:Creating package script '/home/young/SLAM/ORB_SLAM3/ROS2/install/ros2_orbslam/share/ros2_orbslam/package.ps1'
[2.061s] INFO:colcon.colcon_core.shell:Creating package descriptor '/home/young/SLAM/ORB_SLAM3/ROS2/install/ros2_orbslam/share/ros2_orbslam/package.dsv'
[2.062s] INFO:colcon.colcon_core.shell:Creating package script '/home/young/SLAM/ORB_SLAM3/ROS2/install/ros2_orbslam/share/ros2_orbslam/package.sh'
[2.062s] INFO:colcon.colcon_core.shell:Creating package script '/home/young/SLAM/ORB_SLAM3/ROS2/install/ros2_orbslam/share/ros2_orbslam/package.bash'
[2.063s] INFO:colcon.colcon_core.shell:Creating package script '/home/young/SLAM/ORB_SLAM3/ROS2/install/ros2_orbslam/share/ros2_orbslam/package.zsh'
[2.064s] Level 1:colcon.colcon_core.environment:create_file_with_runtime_dependencies(/home/young/SLAM/ORB_SLAM3/ROS2/install/ros2_orbslam/share/colcon-core/packages/ros2_orbslam)
[2.131s] Level 1:colcon.colcon_core.environment:create_environment_scripts_only(ros2_orbslam)
[2.136s] Level 1:colcon.colcon_core.environment:checking '/home/young/SLAM/ORB_SLAM3/ROS2/install/ros2_orbslam' for CMake module files
[2.137s] Level 1:colcon.colcon_core.environment:checking '/home/young/SLAM/ORB_SLAM3/ROS2/install/ros2_orbslam' for CMake config files
[2.138s] Level 1:colcon.colcon_core.shell:create_environment_hook('ros2_orbslam', 'cmake_prefix_path')
[2.141s] INFO:colcon.colcon_core.shell:Creating environment hook '/home/young/SLAM/ORB_SLAM3/ROS2/install/ros2_orbslam/share/ros2_orbslam/hook/cmake_prefix_path.ps1'
[2.143s] INFO:colcon.colcon_core.shell:Creating environment descriptor '/home/young/SLAM/ORB_SLAM3/ROS2/install/ros2_orbslam/share/ros2_orbslam/hook/cmake_prefix_path.dsv'
[2.143s] INFO:colcon.colcon_core.shell:Creating environment hook '/home/young/SLAM/ORB_SLAM3/ROS2/install/ros2_orbslam/share/ros2_orbslam/hook/cmake_prefix_path.sh'
[2.145s] Level 1:colcon.colcon_core.environment:checking '/home/young/SLAM/ORB_SLAM3/ROS2/install/ros2_orbslam/lib'
[2.145s] Level 1:colcon.colcon_core.environment:checking '/home/young/SLAM/ORB_SLAM3/ROS2/install/ros2_orbslam/bin'
[2.145s] Level 1:colcon.colcon_core.environment:checking '/home/young/SLAM/ORB_SLAM3/ROS2/install/ros2_orbslam/lib/pkgconfig/ros2_orbslam.pc'
[2.145s] Level 1:colcon.colcon_core.environment:checking '/home/young/SLAM/ORB_SLAM3/ROS2/install/ros2_orbslam/lib/python3.10/site-packages'
[2.146s] Level 1:colcon.colcon_core.environment:checking '/home/young/SLAM/ORB_SLAM3/ROS2/install/ros2_orbslam/bin'
[2.148s] INFO:colcon.colcon_core.shell:Creating package script '/home/young/SLAM/ORB_SLAM3/ROS2/install/ros2_orbslam/share/ros2_orbslam/package.ps1'
[2.149s] INFO:colcon.colcon_core.shell:Creating package descriptor '/home/young/SLAM/ORB_SLAM3/ROS2/install/ros2_orbslam/share/ros2_orbslam/package.dsv'
[2.149s] INFO:colcon.colcon_core.shell:Creating package script '/home/young/SLAM/ORB_SLAM3/ROS2/install/ros2_orbslam/share/ros2_orbslam/package.sh'
[2.150s] INFO:colcon.colcon_core.shell:Creating package script '/home/young/SLAM/ORB_SLAM3/ROS2/install/ros2_orbslam/share/ros2_orbslam/package.bash'
[2.150s] INFO:colcon.colcon_core.shell:Creating package script '/home/young/SLAM/ORB_SLAM3/ROS2/install/ros2_orbslam/share/ros2_orbslam/package.zsh'
[2.151s] Level 1:colcon.colcon_core.environment:create_file_with_runtime_dependencies(/home/young/SLAM/ORB_SLAM3/ROS2/install/ros2_orbslam/share/colcon-core/packages/ros2_orbslam)
[2.345s] DEBUG:colcon.colcon_core.event_handler.log_command:Invoking command in '/home/young/SLAM/ORB_SLAM3/ROS2/build/opencv_tests': AMENT_PREFIX_PATH=/home/young/SLAM/ORB_SLAM3/ROS2/install/cv_bridge:${AMENT_PREFIX_PATH} CMAKE_PREFIX_PATH=/home/young/SLAM/ORB_SLAM3/ROS2/install/cv_bridge CONDA_PROMPT_MODIFIER=(SLAM) LD_LIBRARY_PATH=/home/young/SLAM/ORB_SLAM3/ROS2/install/cv_bridge/lib:/usr/local/cuda/lib64:/usr/local/cuda/lib64:/opt/ros/humble/opt/rviz_ogre_vendor/lib:/opt/ros/humble/lib/x86_64-linux-gnu:/opt/ros/humble/lib:/usr/local/cuda/lib64:/usr/local/opencv3/lib:/usr/local/opencv4/lib:/usr/local/opencv4/lib PYTHONPATH=/home/young/SLAM/ORB_SLAM3/ROS2/install/opencv_tests/lib/python3.10/site-packages:/home/young/SLAM/ORB_SLAM3/ROS2/install/cv_bridge/local/lib/python3.10/dist-packages:${PYTHONPATH} /usr/bin/python3 setup.py develop --prefix /home/young/SLAM/ORB_SLAM3/ROS2/install/opencv_tests --editable --build-directory /home/young/SLAM/ORB_SLAM3/ROS2/build/opencv_tests/build --no-deps install_data --install-dir /home/young/SLAM/ORB_SLAM3/ROS2/install/opencv_tests
[2.879s] Level 1:colcon.colcon_core.shell:create_environment_hook('opencv_tests', 'pythonpath_develop')
[2.881s] INFO:colcon.colcon_core.shell:Creating environment hook '/home/young/SLAM/ORB_SLAM3/ROS2/build/opencv_tests/share/opencv_tests/hook/pythonpath_develop.ps1'
[2.881s] DEBUG:colcon.colcon_core.event_handler.log_command:Invoked command in '/home/young/SLAM/ORB_SLAM3/ROS2/build/opencv_tests' returned '0': AMENT_PREFIX_PATH=/home/young/SLAM/ORB_SLAM3/ROS2/install/cv_bridge:${AMENT_PREFIX_PATH} CMAKE_PREFIX_PATH=/home/young/SLAM/ORB_SLAM3/ROS2/install/cv_bridge CONDA_PROMPT_MODIFIER=(SLAM) LD_LIBRARY_PATH=/home/young/SLAM/ORB_SLAM3/ROS2/install/cv_bridge/lib:/usr/local/cuda/lib64:/usr/local/cuda/lib64:/opt/ros/humble/opt/rviz_ogre_vendor/lib:/opt/ros/humble/lib/x86_64-linux-gnu:/opt/ros/humble/lib:/usr/local/cuda/lib64:/usr/local/opencv3/lib:/usr/local/opencv4/lib:/usr/local/opencv4/lib PYTHONPATH=/home/young/SLAM/ORB_SLAM3/ROS2/install/opencv_tests/lib/python3.10/site-packages:/home/young/SLAM/ORB_SLAM3/ROS2/install/cv_bridge/local/lib/python3.10/dist-packages:${PYTHONPATH} /usr/bin/python3 setup.py develop --prefix /home/young/SLAM/ORB_SLAM3/ROS2/install/opencv_tests --editable --build-directory /home/young/SLAM/ORB_SLAM3/ROS2/build/opencv_tests/build --no-deps install_data --install-dir /home/young/SLAM/ORB_SLAM3/ROS2/install/opencv_tests
[2.882s] INFO:colcon.colcon_core.shell:Creating environment descriptor '/home/young/SLAM/ORB_SLAM3/ROS2/build/opencv_tests/share/opencv_tests/hook/pythonpath_develop.dsv'
[2.883s] INFO:colcon.colcon_core.shell:Creating environment hook '/home/young/SLAM/ORB_SLAM3/ROS2/build/opencv_tests/share/opencv_tests/hook/pythonpath_develop.sh'
[2.886s] Level 1:colcon.colcon_core.environment:checking '/home/young/SLAM/ORB_SLAM3/ROS2/install/opencv_tests' for CMake module files
[2.887s] Level 1:colcon.colcon_core.environment:checking '/home/young/SLAM/ORB_SLAM3/ROS2/install/opencv_tests' for CMake config files
[2.887s] Level 1:colcon.colcon_core.environment:checking '/home/young/SLAM/ORB_SLAM3/ROS2/install/opencv_tests/lib'
[2.887s] Level 1:colcon.colcon_core.environment:checking '/home/young/SLAM/ORB_SLAM3/ROS2/install/opencv_tests/bin'
[2.888s] Level 1:colcon.colcon_core.environment:checking '/home/young/SLAM/ORB_SLAM3/ROS2/install/opencv_tests/lib/pkgconfig/opencv_tests.pc'
[2.888s] Level 1:colcon.colcon_core.environment:checking '/home/young/SLAM/ORB_SLAM3/ROS2/install/opencv_tests/lib/python3.10/site-packages'
[2.888s] Level 1:colcon.colcon_core.shell:create_environment_hook('opencv_tests', 'pythonpath')
[2.890s] INFO:colcon.colcon_core.shell:Creating environment hook '/home/young/SLAM/ORB_SLAM3/ROS2/install/opencv_tests/share/opencv_tests/hook/pythonpath.ps1'
[2.890s] INFO:colcon.colcon_core.shell:Creating environment descriptor '/home/young/SLAM/ORB_SLAM3/ROS2/install/opencv_tests/share/opencv_tests/hook/pythonpath.dsv'
[2.890s] INFO:colcon.colcon_core.shell:Creating environment hook '/home/young/SLAM/ORB_SLAM3/ROS2/install/opencv_tests/share/opencv_tests/hook/pythonpath.sh'
[2.891s] Level 1:colcon.colcon_core.environment:checking '/home/young/SLAM/ORB_SLAM3/ROS2/install/opencv_tests/bin'
[2.891s] Level 1:colcon.colcon_core.environment:create_environment_scripts_only(opencv_tests)
[2.893s] INFO:colcon.colcon_core.shell:Creating package script '/home/young/SLAM/ORB_SLAM3/ROS2/install/opencv_tests/share/opencv_tests/package.ps1'
[2.894s] INFO:colcon.colcon_core.shell:Creating package descriptor '/home/young/SLAM/ORB_SLAM3/ROS2/install/opencv_tests/share/opencv_tests/package.dsv'
[2.894s] INFO:colcon.colcon_core.shell:Creating package script '/home/young/SLAM/ORB_SLAM3/ROS2/install/opencv_tests/share/opencv_tests/package.sh'
[2.895s] INFO:colcon.colcon_core.shell:Creating package script '/home/young/SLAM/ORB_SLAM3/ROS2/install/opencv_tests/share/opencv_tests/package.bash'
[2.895s] INFO:colcon.colcon_core.shell:Creating package script '/home/young/SLAM/ORB_SLAM3/ROS2/install/opencv_tests/share/opencv_tests/package.zsh'
[2.895s] Level 1:colcon.colcon_core.environment:create_file_with_runtime_dependencies(/home/young/SLAM/ORB_SLAM3/ROS2/install/opencv_tests/share/colcon-core/packages/opencv_tests)
[2.896s] DEBUG:colcon.colcon_parallel_executor.executor.parallel:closing loop
[2.896s] DEBUG:colcon.colcon_parallel_executor.executor.parallel:loop closed
[2.896s] DEBUG:colcon.colcon_parallel_executor.executor.parallel:run_until_complete finished with '0'
[2.896s] DEBUG:colcon.colcon_core.event_reactor:joining thread
[2.907s] INFO:colcon.colcon_core.plugin_system:Skipping extension 'colcon_notification.desktop_notification.notify_send': Could not find 'notify-send'
[2.908s] INFO:colcon.colcon_core.plugin_system:Skipping extension 'colcon_notification.desktop_notification.terminal_notifier': Not used on non-Darwin systems
[2.908s] INFO:colcon.colcon_core.plugin_system:Skipping extension 'colcon_notification.desktop_notification.win32': Not used on non-Windows systems
[2.908s] INFO:colcon.colcon_notification.desktop_notification:Sending desktop notification using 'notify2'
[2.938s] DEBUG:colcon.colcon_core.event_reactor:joined thread
[2.940s] INFO:colcon.colcon_core.shell:Creating prefix script '/home/young/SLAM/ORB_SLAM3/ROS2/install/local_setup.ps1'
[2.942s] INFO:colcon.colcon_core.shell:Creating prefix util module '/home/young/SLAM/ORB_SLAM3/ROS2/install/_local_setup_util_ps1.py'
[2.944s] INFO:colcon.colcon_core.shell:Creating prefix chain script '/home/young/SLAM/ORB_SLAM3/ROS2/install/setup.ps1'
[2.946s] INFO:colcon.colcon_core.shell:Creating prefix script '/home/young/SLAM/ORB_SLAM3/ROS2/install/local_setup.sh'
[2.947s] INFO:colcon.colcon_core.shell:Creating prefix util module '/home/young/SLAM/ORB_SLAM3/ROS2/install/_local_setup_util_sh.py'
[2.948s] INFO:colcon.colcon_core.shell:Creating prefix chain script '/home/young/SLAM/ORB_SLAM3/ROS2/install/setup.sh'
[2.949s] INFO:colcon.colcon_core.shell:Creating prefix script '/home/young/SLAM/ORB_SLAM3/ROS2/install/local_setup.bash'
[2.950s] INFO:colcon.colcon_core.shell:Creating prefix chain script '/home/young/SLAM/ORB_SLAM3/ROS2/install/setup.bash'
[2.952s] INFO:colcon.colcon_core.shell:Creating prefix script '/home/young/SLAM/ORB_SLAM3/ROS2/install/local_setup.zsh'
[2.953s] INFO:colcon.colcon_core.shell:Creating prefix chain script '/home/young/SLAM/ORB_SLAM3/ROS2/install/setup.zsh'
