[0.033s] Invoking command in '/home/young/SLAM/ORB_SLAM3/ROS2/build/camera_calibration_parsers': CONDA_PROMPT_MODIFIER=(SLAM) /usr/bin/cmake /home/young/SLAM/ORB_SLAM3/ROS2/src/image_common/camera_calibration_parsers -DCATKIN_INSTALL_INTO_PREFIX_ROOT=0 -DCATKIN_SYMLINK_INSTALL=ON -DCMAKE_INSTALL_PREFIX=/home/young/SLAM/ORB_SLAM3/ROS2/install/camera_calibration_parsers
[0.097s] [31mCMake Error at CMakeLists.txt:4 (find_package):
[0.099s]   By not providing "Findcatkin.cmake" in CMAKE_MODULE_PATH this project has
[0.100s]   asked CMake to find a package configuration file provided by "catkin", but
[0.101s]   CMake did not find one.
[0.101s] 
[0.102s]   Could not find a package configuration file provided by "catkin" with any
[0.104s]   of the following names:
[0.105s] 
[0.105s]     catkinConfig.cmake
[0.106s]     catkin-config.cmake
[0.106s] 
[0.106s]   Add the installation prefix of "catkin" to CMAKE_PREFIX_PATH or set
[0.106s]   "catkin_DIR" to a directory containing one of the above files.  If "catkin"
[0.106s]   provides a separate development package or SDK, be sure it has been
[0.107s]   installed.
[0.107s] 
[0.107s] [0m
[0.107s] -- Configuring incomplete, errors occurred!
[0.107s] See also "/home/young/SLAM/ORB_SLAM3/ROS2/build/camera_calibration_parsers/CMakeFiles/CMakeOutput.log".
[0.108s] Invoked command in '/home/young/SLAM/ORB_SLAM3/ROS2/build/camera_calibration_parsers' returned '1': CONDA_PROMPT_MODIFIER=(SLAM) /usr/bin/cmake /home/young/SLAM/ORB_SLAM3/ROS2/src/image_common/camera_calibration_parsers -DCATKIN_INSTALL_INTO_PREFIX_ROOT=0 -DCATKIN_SYMLINK_INSTALL=ON -DCMAKE_INSTALL_PREFIX=/home/young/SLAM/ORB_SLAM3/ROS2/install/camera_calibration_parsers
