[0.048s] Invoking command in '/home/young/SLAM/ORB_SLAM3/ROS2/build/opencv_cam': CMAKE_PREFIX_PATH=/opt/ros/humble CONDA_PROMPT_MODIFIER=(SLAM) /usr/bin/cmake /home/young/SLAM/ORB_SLAM3/ROS2/src/opencv_cam -DAMENT_CMAKE_SYMLINK_INSTALL=1 -DCMAKE_INSTALL_PREFIX=/home/young/SLAM/ORB_SLAM3/ROS2/install/opencv_cam
[0.168s] -- The C compiler identification is GNU 11.2.0
[0.270s] -- The CXX compiler identification is GNU 11.2.0
[0.286s] -- Detecting C compiler ABI info
[0.417s] -- Detecting C compiler ABI info - done
[0.434s] -- Check for working C compiler: /usr/bin/cc - skipped
[0.434s] -- Detecting C compile features
[0.435s] -- Detecting C compile features - done
[0.444s] -- Detecting CXX compiler ABI info
[0.592s] -- Detecting CXX compiler ABI info - done
[0.608s] -- Check for working CXX compiler: /usr/bin/c++ - skipped
[0.608s] -- Detecting CXX compile features
[0.609s] -- Detecting CXX compile features - done
[0.628s] -- Found OpenCV version 4.6.0
[0.630s] -- Found ament_cmake: 1.3.2 (/opt/ros/humble/share/ament_cmake/cmake)
[0.981s] -- Found Python3: /usr/bin/python3.10 (found version "3.10.4") found components: Interpreter 
[1.115s] -- Override CMake install command with custom implementation using symlinks instead of copying resources
[1.166s] [31mCMake Error at CMakeLists.txt:30 (find_package):
[1.166s]   By not providing "Findcamera_calibration_parsers.cmake" in
[1.166s]   CMAKE_MODULE_PATH this project has asked CMake to find a package
[1.167s]   configuration file provided by "camera_calibration_parsers", but CMake did
[1.167s]   not find one.
[1.167s] 
[1.167s]   Could not find a package configuration file provided by
[1.167s]   "camera_calibration_parsers" with any of the following names:
[1.167s] 
[1.167s]     camera_calibration_parsersConfig.cmake
[1.167s]     camera_calibration_parsers-config.cmake
[1.167s] 
[1.167s]   Add the installation prefix of "camera_calibration_parsers" to
[1.167s]   CMAKE_PREFIX_PATH or set "camera_calibration_parsers_DIR" to a directory
[1.168s]   containing one of the above files.  If "camera_calibration_parsers"
[1.168s]   provides a separate development package or SDK, be sure it has been
[1.168s]   installed.
[1.168s] 
[1.168s] [0m
[1.168s] -- Configuring incomplete, errors occurred!
[1.168s] See also "/home/young/SLAM/ORB_SLAM3/ROS2/build/opencv_cam/CMakeFiles/CMakeOutput.log".
[1.173s] Invoked command in '/home/young/SLAM/ORB_SLAM3/ROS2/build/opencv_cam' returned '1': CMAKE_PREFIX_PATH=/opt/ros/humble CONDA_PROMPT_MODIFIER=(SLAM) /usr/bin/cmake /home/young/SLAM/ORB_SLAM3/ROS2/src/opencv_cam -DAMENT_CMAKE_SYMLINK_INSTALL=1 -DCMAKE_INSTALL_PREFIX=/home/young/SLAM/ORB_SLAM3/ROS2/install/opencv_cam
