[0.022s] Invoking command in '/home/young/SLAM/ORB_SLAM3/ROS2/build/image_geometry': CMAKE_PREFIX_PATH=/opt/ros/humble CONDA_PROMPT_MODIFIER=(SLAM) /usr/bin/cmake /home/young/SLAM/ORB_SLAM3/ROS2/src/vision_opencv/image_geometry -DAMENT_CMAKE_SYMLINK_INSTALL=1 -DCMAKE_INSTALL_PREFIX=/home/young/SLAM/ORB_SLAM3/ROS2/install/image_geometry
[0.113s] -- The C compiler identification is GNU 11.2.0
[0.189s] -- The CXX compiler identification is GNU 11.2.0
[0.199s] -- Detecting C compiler ABI info
[0.290s] -- Detecting C compiler ABI info - done
[0.302s] -- Check for working C compiler: /usr/bin/cc - skipped
[0.302s] -- Detecting C compile features
[0.303s] -- Detecting C compile features - done
[0.307s] -- Detecting CXX compiler ABI info
[0.416s] -- Detecting CXX compiler ABI info - done
[0.433s] -- Check for working CXX compiler: /usr/bin/c++ - skipped
[0.433s] -- Detecting CXX compile features
[0.434s] -- Detecting CXX compile features - done
[0.437s] -- Found ament_cmake_python: 1.3.2 (/opt/ros/humble/share/ament_cmake_python/cmake)
[0.439s] -- Found ament_cmake_ros: 0.10.0 (/opt/ros/humble/share/ament_cmake_ros/cmake)
[0.718s] -- Found Python3: /usr/bin/python3.10 (found version "3.10.4") found components: Interpreter 
[0.807s] -- Override CMake install command with custom implementation using symlinks instead of copying resources
[0.955s] -- Found OpenCV: /usr/local/opencv4 (found version "4.6.0") found components: calib3d core highgui imgproc 
[0.956s] -- Found sensor_msgs: 4.2.2 (/opt/ros/humble/share/sensor_msgs/cmake)
[1.002s] -- Found rosidl_generator_c: 3.1.3 (/opt/ros/humble/share/rosidl_generator_c/cmake)
[1.008s] -- Found rosidl_adapter: 3.1.3 (/opt/ros/humble/share/rosidl_adapter/cmake)
[1.024s] -- Found rosidl_generator_cpp: 3.1.3 (/opt/ros/humble/share/rosidl_generator_cpp/cmake)
[1.051s] -- Using all available rosidl_typesupport_c: rosidl_typesupport_fastrtps_c;rosidl_typesupport_introspection_c
[1.085s] -- Using all available rosidl_typesupport_cpp: rosidl_typesupport_fastrtps_cpp;rosidl_typesupport_introspection_cpp
[1.388s] -- Found gtest sources under '/opt/ros/humble/src/gtest_vendor': C++ tests using 'Google Test' will be built
[1.391s] -- Looking for pthread.h
[1.490s] -- Looking for pthread.h - found
[1.490s] -- Performing Test CMAKE_HAVE_LIBC_PTHREAD
[1.601s] -- Performing Test CMAKE_HAVE_LIBC_PTHREAD - Success
[1.603s] -- Found Threads: TRUE  
[1.696s] -- Configuring done
[1.714s] -- Generating done
[1.716s] -- Build files have been written to: /home/young/SLAM/ORB_SLAM3/ROS2/build/image_geometry
[1.727s] Invoked command in '/home/young/SLAM/ORB_SLAM3/ROS2/build/image_geometry' returned '0': CMAKE_PREFIX_PATH=/opt/ros/humble CONDA_PROMPT_MODIFIER=(SLAM) /usr/bin/cmake /home/young/SLAM/ORB_SLAM3/ROS2/src/vision_opencv/image_geometry -DAMENT_CMAKE_SYMLINK_INSTALL=1 -DCMAKE_INSTALL_PREFIX=/home/young/SLAM/ORB_SLAM3/ROS2/install/image_geometry
[1.730s] Invoking command in '/home/young/SLAM/ORB_SLAM3/ROS2/build/image_geometry': CMAKE_PREFIX_PATH=/opt/ros/humble CONDA_PROMPT_MODIFIER=(SLAM) /usr/bin/cmake --build /home/young/SLAM/ORB_SLAM3/ROS2/build/image_geometry -- -j16 -l16
[1.807s] [ 11%] [32mBuilding CXX object CMakeFiles/image_geometry.dir/src/stereo_camera_model.cpp.o[0m
[1.808s] [ 22%] [32mBuilding CXX object CMakeFiles/image_geometry.dir/src/pinhole_camera_model.cpp.o[0m
[1.808s] [ 33%] [32mBuilding CXX object gtest/CMakeFiles/gtest.dir/src/gtest-all.cc.o[0m
[1.810s] [ 44%] [32mBuilding CXX object gtest/CMakeFiles/gtest_main.dir/src/gtest_main.cc.o[0m
[1.825s] [ 44%] Built target ament_cmake_python_symlink_image_geometry
[2.499s] running egg_info
[2.502s] creating image_geometry.egg-info
[2.502s] writing image_geometry.egg-info/PKG-INFO
[2.502s] writing dependency_links to image_geometry.egg-info/dependency_links.txt
[2.503s] writing top-level names to image_geometry.egg-info/top_level.txt
[2.503s] writing manifest file 'image_geometry.egg-info/SOURCES.txt'
[2.507s] reading manifest file 'image_geometry.egg-info/SOURCES.txt'
[2.508s] writing manifest file 'image_geometry.egg-info/SOURCES.txt'
[2.568s] [ 44%] Built target ament_cmake_python_build_image_geometry_egg
[3.245s] [ 55%] [32m[1mLinking CXX static library libgtest_main.a[0m
[3.364s] [ 55%] Built target gtest_main
[4.274s] [ 66%] [32m[1mLinking CXX shared library libimage_geometry.so[0m
[4.471s] [ 66%] Built target image_geometry
[7.793s] [ 77%] [32m[1mLinking CXX static library libgtest.a[0m
[7.950s] [ 77%] Built target gtest
[7.990s] [ 88%] [32mBuilding CXX object CMakeFiles/image_geometry-utest.dir/test/utest.cpp.o[0m
[10.488s] [100%] [32m[1mLinking CXX executable image_geometry-utest[0m
[10.795s] [100%] Built target image_geometry-utest
[10.813s] Invoked command in '/home/young/SLAM/ORB_SLAM3/ROS2/build/image_geometry' returned '0': CMAKE_PREFIX_PATH=/opt/ros/humble CONDA_PROMPT_MODIFIER=(SLAM) /usr/bin/cmake --build /home/young/SLAM/ORB_SLAM3/ROS2/build/image_geometry -- -j16 -l16
[10.890s] Invoking command in '/home/young/SLAM/ORB_SLAM3/ROS2/build/image_geometry': CMAKE_PREFIX_PATH=/opt/ros/humble CONDA_PROMPT_MODIFIER=(SLAM) /usr/bin/cmake --install /home/young/SLAM/ORB_SLAM3/ROS2/build/image_geometry
[10.904s] -- Install configuration: ""
[10.904s] -- Execute custom install script
[10.905s] -- Symlinking: /home/young/SLAM/ORB_SLAM3/ROS2/install/image_geometry/share/image_geometry/environment/pythonpath.sh
[10.920s] -- Symlinking: /home/young/SLAM/ORB_SLAM3/ROS2/install/image_geometry/share/image_geometry/environment/pythonpath.dsv
[10.944s] -- Symlinking: /home/young/SLAM/ORB_SLAM3/ROS2/install/image_geometry/local/lib/python3.10/dist-packages/image_geometry-3.0.3-py3.10.egg-info/PKG-INFO
[10.962s] -- Symlinking: /home/young/SLAM/ORB_SLAM3/ROS2/install/image_geometry/local/lib/python3.10/dist-packages/image_geometry-3.0.3-py3.10.egg-info/SOURCES.txt
[10.983s] -- Symlinking: /home/young/SLAM/ORB_SLAM3/ROS2/install/image_geometry/local/lib/python3.10/dist-packages/image_geometry-3.0.3-py3.10.egg-info/dependency_links.txt
[10.999s] -- Symlinking: /home/young/SLAM/ORB_SLAM3/ROS2/install/image_geometry/local/lib/python3.10/dist-packages/image_geometry-3.0.3-py3.10.egg-info/top_level.txt
[11.016s] -- Symlinking: /home/young/SLAM/ORB_SLAM3/ROS2/install/image_geometry/local/lib/python3.10/dist-packages/image_geometry/__init__.py
[11.031s] -- Symlinking: /home/young/SLAM/ORB_SLAM3/ROS2/install/image_geometry/local/lib/python3.10/dist-packages/image_geometry/cameramodels.py
[11.048s] -- Symlinking: /home/young/SLAM/ORB_SLAM3/ROS2/install/image_geometry/include/image_geometry/image_geometry/pinhole_camera_model.h
[11.064s] -- Symlinking: /home/young/SLAM/ORB_SLAM3/ROS2/install/image_geometry/include/image_geometry/image_geometry/stereo_camera_model.h
[11.082s] -- Symlinking: /home/young/SLAM/ORB_SLAM3/ROS2/install/image_geometry/include/image_geometry/image_geometry/visibility_control.hpp
[11.099s] -- Symlinking: /home/young/SLAM/ORB_SLAM3/ROS2/install/image_geometry/share/ament_index/resource_index/package_run_dependencies/image_geometry
[11.112s] -- Symlinking: /home/young/SLAM/ORB_SLAM3/ROS2/install/image_geometry/share/ament_index/resource_index/parent_prefix_path/image_geometry
[11.124s] -- Symlinking: /home/young/SLAM/ORB_SLAM3/ROS2/install/image_geometry/share/image_geometry/environment/ament_prefix_path.sh
[11.136s] -- Symlinking: /home/young/SLAM/ORB_SLAM3/ROS2/install/image_geometry/share/image_geometry/environment/ament_prefix_path.dsv
[11.149s] -- Symlinking: /home/young/SLAM/ORB_SLAM3/ROS2/install/image_geometry/share/image_geometry/environment/path.sh
[11.161s] -- Symlinking: /home/young/SLAM/ORB_SLAM3/ROS2/install/image_geometry/share/image_geometry/environment/path.dsv
[11.172s] -- Symlinking: /home/young/SLAM/ORB_SLAM3/ROS2/install/image_geometry/share/image_geometry/local_setup.bash
[11.183s] -- Symlinking: /home/young/SLAM/ORB_SLAM3/ROS2/install/image_geometry/share/image_geometry/local_setup.sh
[11.193s] -- Symlinking: /home/young/SLAM/ORB_SLAM3/ROS2/install/image_geometry/share/image_geometry/local_setup.zsh
[11.203s] -- Symlinking: /home/young/SLAM/ORB_SLAM3/ROS2/install/image_geometry/share/image_geometry/local_setup.dsv
[11.214s] -- Symlinking: /home/young/SLAM/ORB_SLAM3/ROS2/install/image_geometry/share/image_geometry/package.dsv
[11.224s] -- Symlinking: /home/young/SLAM/ORB_SLAM3/ROS2/install/image_geometry/share/ament_index/resource_index/packages/image_geometry
[11.234s] -- Symlinking: /home/young/SLAM/ORB_SLAM3/ROS2/install/image_geometry/share/image_geometry/cmake/ament_cmake_export_targets-extras.cmake
[11.245s] -- Symlinking: /home/young/SLAM/ORB_SLAM3/ROS2/install/image_geometry/share/image_geometry/cmake/ament_cmake_export_dependencies-extras.cmake
[11.255s] -- Symlinking: /home/young/SLAM/ORB_SLAM3/ROS2/install/image_geometry/share/image_geometry/cmake/image_geometryConfig.cmake
[11.265s] -- Symlinking: /home/young/SLAM/ORB_SLAM3/ROS2/install/image_geometry/share/image_geometry/cmake/image_geometryConfig-version.cmake
[11.275s] -- Symlinking: /home/young/SLAM/ORB_SLAM3/ROS2/install/image_geometry/share/image_geometry/package.xml
[11.327s] Listing '/home/young/SLAM/ORB_SLAM3/ROS2/install/image_geometry/local/lib/python3.10/dist-packages/image_geometry'...
[11.327s] Compiling '/home/young/SLAM/ORB_SLAM3/ROS2/install/image_geometry/local/lib/python3.10/dist-packages/image_geometry/__init__.py'...
[11.328s] Compiling '/home/young/SLAM/ORB_SLAM3/ROS2/install/image_geometry/local/lib/python3.10/dist-packages/image_geometry/cameramodels.py'...
[11.333s] -- Installing: /home/young/SLAM/ORB_SLAM3/ROS2/install/image_geometry/lib/libimage_geometry.so
[11.334s] -- Set runtime path of "/home/young/SLAM/ORB_SLAM3/ROS2/install/image_geometry/lib/libimage_geometry.so" to ""
[11.334s] -- Installing: /home/young/SLAM/ORB_SLAM3/ROS2/install/image_geometry/share/image_geometry/cmake/export_image_geometryExport.cmake
[11.335s] -- Installing: /home/young/SLAM/ORB_SLAM3/ROS2/install/image_geometry/share/image_geometry/cmake/export_image_geometryExport-noconfig.cmake
[11.339s] Invoked command in '/home/young/SLAM/ORB_SLAM3/ROS2/build/image_geometry' returned '0': CMAKE_PREFIX_PATH=/opt/ros/humble CONDA_PROMPT_MODIFIER=(SLAM) /usr/bin/cmake --install /home/young/SLAM/ORB_SLAM3/ROS2/build/image_geometry
