-- The C compiler identification is GNU 11.2.0
-- The CXX compiler identification is GNU 11.2.0
-- Detecting C compiler ABI info
-- Detecting C compiler ABI info - done
-- Check for working C compiler: /usr/bin/cc - skipped
-- Detecting C compile features
-- Detecting C compile features - done
-- Detecting CXX compiler ABI info
-- Detecting CXX compiler ABI info - done
-- Check for working CXX compiler: /usr/bin/c++ - skipped
-- Detecting CXX compile features
-- Detecting CXX compile features - done
-- Found ament_cmake: 1.3.2 (/opt/ros/humble/share/ament_cmake/cmake)
-- Found Python3: /usr/bin/python3.10 (found version "3.10.4") found components: Interpreter 
-- Override CMake install command with custom implementation using symlinks instead of copying resources
-- Configuring done
-- Generating done
-- Build files have been written to: /home/young/SLAM/ORB_SLAM3/ROS2/build/vision_opencv
-- Install configuration: ""
-- Execute custom install script
-- Symlinking: /home/young/SLAM/ORB_SLAM3/ROS2/install/vision_opencv/share/ament_index/resource_index/package_run_dependencies/vision_opencv
-- Symlinking: /home/young/SLAM/ORB_SLAM3/ROS2/install/vision_opencv/share/ament_index/resource_index/parent_prefix_path/vision_opencv
-- Symlinking: /home/young/SLAM/ORB_SLAM3/ROS2/install/vision_opencv/share/vision_opencv/environment/ament_prefix_path.sh
-- Symlinking: /home/young/SLAM/ORB_SLAM3/ROS2/install/vision_opencv/share/vision_opencv/environment/ament_prefix_path.dsv
-- Symlinking: /home/young/SLAM/ORB_SLAM3/ROS2/install/vision_opencv/share/vision_opencv/environment/path.sh
-- Symlinking: /home/young/SLAM/ORB_SLAM3/ROS2/install/vision_opencv/share/vision_opencv/environment/path.dsv
-- Symlinking: /home/young/SLAM/ORB_SLAM3/ROS2/install/vision_opencv/share/vision_opencv/local_setup.bash
-- Symlinking: /home/young/SLAM/ORB_SLAM3/ROS2/install/vision_opencv/share/vision_opencv/local_setup.sh
-- Symlinking: /home/young/SLAM/ORB_SLAM3/ROS2/install/vision_opencv/share/vision_opencv/local_setup.zsh
-- Symlinking: /home/young/SLAM/ORB_SLAM3/ROS2/install/vision_opencv/share/vision_opencv/local_setup.dsv
-- Symlinking: /home/young/SLAM/ORB_SLAM3/ROS2/install/vision_opencv/share/vision_opencv/package.dsv
-- Symlinking: /home/young/SLAM/ORB_SLAM3/ROS2/install/vision_opencv/share/ament_index/resource_index/packages/vision_opencv
-- Symlinking: /home/young/SLAM/ORB_SLAM3/ROS2/install/vision_opencv/share/vision_opencv/cmake/vision_opencvConfig.cmake
-- Symlinking: /home/young/SLAM/ORB_SLAM3/ROS2/install/vision_opencv/share/vision_opencv/cmake/vision_opencvConfig-version.cmake
-- Symlinking: /home/young/SLAM/ORB_SLAM3/ROS2/install/vision_opencv/share/vision_opencv/package.xml
