[0.325s] Invoking command in '/home/young/SLAM/ORB_SLAM3/ROS2/build/vision_opencv': AMENT_PREFIX_PATH=/home/young/SLAM/ORB_SLAM3/ROS2/install/image_geometry:/home/young/SLAM/ORB_SLAM3/ROS2/install/cv_bridge:${AMENT_PREFIX_PATH} CMAKE_PREFIX_PATH=/home/young/SLAM/ORB_SLAM3/ROS2/install/image_geometry:/home/young/SLAM/ORB_SLAM3/ROS2/install/cv_bridge:/opt/ros/humble CONDA_PROMPT_MODIFIER=(SLAM) LD_LIBRARY_PATH=/home/young/SLAM/ORB_SLAM3/ROS2/install/image_geometry/lib:/home/young/SLAM/ORB_SLAM3/ROS2/install/cv_bridge/lib:/usr/local/cuda/lib64:/usr/local/cuda/lib64:/opt/ros/humble/opt/rviz_ogre_vendor/lib:/opt/ros/humble/lib/x86_64-linux-gnu:/opt/ros/humble/lib:/usr/local/cuda/lib64:/usr/local/opencv3/lib:/usr/local/opencv4/lib:/usr/local/opencv4/lib PYTHONPATH=/home/young/SLAM/ORB_SLAM3/ROS2/install/image_geometry/local/lib/python3.10/dist-packages:/home/young/SLAM/ORB_SLAM3/ROS2/install/cv_bridge/local/lib/python3.10/dist-packages:${PYTHONPATH} /usr/bin/cmake /home/young/SLAM/ORB_SLAM3/ROS2/src/vision_opencv/vision_opencv -DAMENT_CMAKE_SYMLINK_INSTALL=1 -DCMAKE_INSTALL_PREFIX=/home/young/SLAM/ORB_SLAM3/ROS2/install/vision_opencv
[0.414s] -- The C compiler identification is GNU 11.2.0
[0.510s] -- The CXX compiler identification is GNU 11.2.0
[0.522s] -- Detecting C compiler ABI info
[0.631s] -- Detecting C compiler ABI info - done
[0.649s] -- Check for working C compiler: /usr/bin/cc - skipped
[0.650s] -- Detecting C compile features
[0.651s] -- Detecting C compile features - done
[0.658s] -- Detecting CXX compiler ABI info
[0.822s] -- Detecting CXX compiler ABI info - done
[0.841s] -- Check for working CXX compiler: /usr/bin/c++ - skipped
[0.842s] -- Detecting CXX compile features
[0.843s] -- Detecting CXX compile features - done
[0.847s] -- Found ament_cmake: 1.3.2 (/opt/ros/humble/share/ament_cmake/cmake)
[1.234s] -- Found Python3: /usr/bin/python3.10 (found version "3.10.4") found components: Interpreter 
[1.345s] -- Override CMake install command with custom implementation using symlinks instead of copying resources
[1.514s] -- Configuring done
[1.520s] -- Generating done
[1.522s] -- Build files have been written to: /home/young/SLAM/ORB_SLAM3/ROS2/build/vision_opencv
[1.532s] Invoked command in '/home/young/SLAM/ORB_SLAM3/ROS2/build/vision_opencv' returned '0': AMENT_PREFIX_PATH=/home/young/SLAM/ORB_SLAM3/ROS2/install/image_geometry:/home/young/SLAM/ORB_SLAM3/ROS2/install/cv_bridge:${AMENT_PREFIX_PATH} CMAKE_PREFIX_PATH=/home/young/SLAM/ORB_SLAM3/ROS2/install/image_geometry:/home/young/SLAM/ORB_SLAM3/ROS2/install/cv_bridge:/opt/ros/humble CONDA_PROMPT_MODIFIER=(SLAM) LD_LIBRARY_PATH=/home/young/SLAM/ORB_SLAM3/ROS2/install/image_geometry/lib:/home/young/SLAM/ORB_SLAM3/ROS2/install/cv_bridge/lib:/usr/local/cuda/lib64:/usr/local/cuda/lib64:/opt/ros/humble/opt/rviz_ogre_vendor/lib:/opt/ros/humble/lib/x86_64-linux-gnu:/opt/ros/humble/lib:/usr/local/cuda/lib64:/usr/local/opencv3/lib:/usr/local/opencv4/lib:/usr/local/opencv4/lib PYTHONPATH=/home/young/SLAM/ORB_SLAM3/ROS2/install/image_geometry/local/lib/python3.10/dist-packages:/home/young/SLAM/ORB_SLAM3/ROS2/install/cv_bridge/local/lib/python3.10/dist-packages:${PYTHONPATH} /usr/bin/cmake /home/young/SLAM/ORB_SLAM3/ROS2/src/vision_opencv/vision_opencv -DAMENT_CMAKE_SYMLINK_INSTALL=1 -DCMAKE_INSTALL_PREFIX=/home/young/SLAM/ORB_SLAM3/ROS2/install/vision_opencv
[1.535s] Invoking command in '/home/young/SLAM/ORB_SLAM3/ROS2/build/vision_opencv': AMENT_PREFIX_PATH=/home/young/SLAM/ORB_SLAM3/ROS2/install/image_geometry:/home/young/SLAM/ORB_SLAM3/ROS2/install/cv_bridge:${AMENT_PREFIX_PATH} CMAKE_PREFIX_PATH=/home/young/SLAM/ORB_SLAM3/ROS2/install/image_geometry:/home/young/SLAM/ORB_SLAM3/ROS2/install/cv_bridge:/opt/ros/humble CONDA_PROMPT_MODIFIER=(SLAM) LD_LIBRARY_PATH=/home/young/SLAM/ORB_SLAM3/ROS2/install/image_geometry/lib:/home/young/SLAM/ORB_SLAM3/ROS2/install/cv_bridge/lib:/usr/local/cuda/lib64:/usr/local/cuda/lib64:/opt/ros/humble/opt/rviz_ogre_vendor/lib:/opt/ros/humble/lib/x86_64-linux-gnu:/opt/ros/humble/lib:/usr/local/cuda/lib64:/usr/local/opencv3/lib:/usr/local/opencv4/lib:/usr/local/opencv4/lib PYTHONPATH=/home/young/SLAM/ORB_SLAM3/ROS2/install/image_geometry/local/lib/python3.10/dist-packages:/home/young/SLAM/ORB_SLAM3/ROS2/install/cv_bridge/local/lib/python3.10/dist-packages:${PYTHONPATH} /usr/bin/cmake --build /home/young/SLAM/ORB_SLAM3/ROS2/build/vision_opencv -- -j16 -l16
[1.593s] Invoked command in '/home/young/SLAM/ORB_SLAM3/ROS2/build/vision_opencv' returned '0': AMENT_PREFIX_PATH=/home/young/SLAM/ORB_SLAM3/ROS2/install/image_geometry:/home/young/SLAM/ORB_SLAM3/ROS2/install/cv_bridge:${AMENT_PREFIX_PATH} CMAKE_PREFIX_PATH=/home/young/SLAM/ORB_SLAM3/ROS2/install/image_geometry:/home/young/SLAM/ORB_SLAM3/ROS2/install/cv_bridge:/opt/ros/humble CONDA_PROMPT_MODIFIER=(SLAM) LD_LIBRARY_PATH=/home/young/SLAM/ORB_SLAM3/ROS2/install/image_geometry/lib:/home/young/SLAM/ORB_SLAM3/ROS2/install/cv_bridge/lib:/usr/local/cuda/lib64:/usr/local/cuda/lib64:/opt/ros/humble/opt/rviz_ogre_vendor/lib:/opt/ros/humble/lib/x86_64-linux-gnu:/opt/ros/humble/lib:/usr/local/cuda/lib64:/usr/local/opencv3/lib:/usr/local/opencv4/lib:/usr/local/opencv4/lib PYTHONPATH=/home/young/SLAM/ORB_SLAM3/ROS2/install/image_geometry/local/lib/python3.10/dist-packages:/home/young/SLAM/ORB_SLAM3/ROS2/install/cv_bridge/local/lib/python3.10/dist-packages:${PYTHONPATH} /usr/bin/cmake --build /home/young/SLAM/ORB_SLAM3/ROS2/build/vision_opencv -- -j16 -l16
[1.630s] Invoking command in '/home/young/SLAM/ORB_SLAM3/ROS2/build/vision_opencv': AMENT_PREFIX_PATH=/home/young/SLAM/ORB_SLAM3/ROS2/install/image_geometry:/home/young/SLAM/ORB_SLAM3/ROS2/install/cv_bridge:${AMENT_PREFIX_PATH} CMAKE_PREFIX_PATH=/home/young/SLAM/ORB_SLAM3/ROS2/install/image_geometry:/home/young/SLAM/ORB_SLAM3/ROS2/install/cv_bridge:/opt/ros/humble CONDA_PROMPT_MODIFIER=(SLAM) LD_LIBRARY_PATH=/home/young/SLAM/ORB_SLAM3/ROS2/install/image_geometry/lib:/home/young/SLAM/ORB_SLAM3/ROS2/install/cv_bridge/lib:/usr/local/cuda/lib64:/usr/local/cuda/lib64:/opt/ros/humble/opt/rviz_ogre_vendor/lib:/opt/ros/humble/lib/x86_64-linux-gnu:/opt/ros/humble/lib:/usr/local/cuda/lib64:/usr/local/opencv3/lib:/usr/local/opencv4/lib:/usr/local/opencv4/lib PYTHONPATH=/home/young/SLAM/ORB_SLAM3/ROS2/install/image_geometry/local/lib/python3.10/dist-packages:/home/young/SLAM/ORB_SLAM3/ROS2/install/cv_bridge/local/lib/python3.10/dist-packages:${PYTHONPATH} /usr/bin/cmake --install /home/young/SLAM/ORB_SLAM3/ROS2/build/vision_opencv
[1.640s] -- Install configuration: ""
[1.641s] -- Execute custom install script
[1.641s] -- Symlinking: /home/young/SLAM/ORB_SLAM3/ROS2/install/vision_opencv/share/ament_index/resource_index/package_run_dependencies/vision_opencv
[1.653s] -- Symlinking: /home/young/SLAM/ORB_SLAM3/ROS2/install/vision_opencv/share/ament_index/resource_index/parent_prefix_path/vision_opencv
[1.665s] -- Symlinking: /home/young/SLAM/ORB_SLAM3/ROS2/install/vision_opencv/share/vision_opencv/environment/ament_prefix_path.sh
[1.677s] -- Symlinking: /home/young/SLAM/ORB_SLAM3/ROS2/install/vision_opencv/share/vision_opencv/environment/ament_prefix_path.dsv
[1.691s] -- Symlinking: /home/young/SLAM/ORB_SLAM3/ROS2/install/vision_opencv/share/vision_opencv/environment/path.sh
[1.706s] -- Symlinking: /home/young/SLAM/ORB_SLAM3/ROS2/install/vision_opencv/share/vision_opencv/environment/path.dsv
[1.721s] -- Symlinking: /home/young/SLAM/ORB_SLAM3/ROS2/install/vision_opencv/share/vision_opencv/local_setup.bash
[1.737s] -- Symlinking: /home/young/SLAM/ORB_SLAM3/ROS2/install/vision_opencv/share/vision_opencv/local_setup.sh
[1.750s] -- Symlinking: /home/young/SLAM/ORB_SLAM3/ROS2/install/vision_opencv/share/vision_opencv/local_setup.zsh
[1.763s] -- Symlinking: /home/young/SLAM/ORB_SLAM3/ROS2/install/vision_opencv/share/vision_opencv/local_setup.dsv
[1.779s] -- Symlinking: /home/young/SLAM/ORB_SLAM3/ROS2/install/vision_opencv/share/vision_opencv/package.dsv
[1.794s] -- Symlinking: /home/young/SLAM/ORB_SLAM3/ROS2/install/vision_opencv/share/ament_index/resource_index/packages/vision_opencv
[1.805s] -- Symlinking: /home/young/SLAM/ORB_SLAM3/ROS2/install/vision_opencv/share/vision_opencv/cmake/vision_opencvConfig.cmake
[1.816s] -- Symlinking: /home/young/SLAM/ORB_SLAM3/ROS2/install/vision_opencv/share/vision_opencv/cmake/vision_opencvConfig-version.cmake
[1.827s] -- Symlinking: /home/young/SLAM/ORB_SLAM3/ROS2/install/vision_opencv/share/vision_opencv/package.xml
[1.841s] Invoked command in '/home/young/SLAM/ORB_SLAM3/ROS2/build/vision_opencv' returned '0': AMENT_PREFIX_PATH=/home/young/SLAM/ORB_SLAM3/ROS2/install/image_geometry:/home/young/SLAM/ORB_SLAM3/ROS2/install/cv_bridge:${AMENT_PREFIX_PATH} CMAKE_PREFIX_PATH=/home/young/SLAM/ORB_SLAM3/ROS2/install/image_geometry:/home/young/SLAM/ORB_SLAM3/ROS2/install/cv_bridge:/opt/ros/humble CONDA_PROMPT_MODIFIER=(SLAM) LD_LIBRARY_PATH=/home/young/SLAM/ORB_SLAM3/ROS2/install/image_geometry/lib:/home/young/SLAM/ORB_SLAM3/ROS2/install/cv_bridge/lib:/usr/local/cuda/lib64:/usr/local/cuda/lib64:/opt/ros/humble/opt/rviz_ogre_vendor/lib:/opt/ros/humble/lib/x86_64-linux-gnu:/opt/ros/humble/lib:/usr/local/cuda/lib64:/usr/local/opencv3/lib:/usr/local/opencv4/lib:/usr/local/opencv4/lib PYTHONPATH=/home/young/SLAM/ORB_SLAM3/ROS2/install/image_geometry/local/lib/python3.10/dist-packages:/home/young/SLAM/ORB_SLAM3/ROS2/install/cv_bridge/local/lib/python3.10/dist-packages:${PYTHONPATH} /usr/bin/cmake --install /home/young/SLAM/ORB_SLAM3/ROS2/build/vision_opencv
